0 verbose cli D:\Node.js\node.exe D:\Node.js\node_modules\npm\bin\npm-cli.js
1 info using npm@10.9.3
2 info using node@v22.20.0
3 silly config load:file:D:\Node.js\node_modules\npm\npmrc
4 silly config load:file:D:\interpretation-platform\.npmrc
5 silly config load:file:C:\Users\左欣雨\.npmrc
6 silly config load:file:D:\Node.js\node_global\etc\npmrc
7 verbose title npm install vite
8 verbose argv "install" "vite" "--save"
9 verbose logfile logs-max:10 dir:D:\interpretation-platform\npm_cache\_logs\2025-10-12T12_08_11_013Z-
10 verbose logfile D:\interpretation-platform\npm_cache\_logs\2025-10-12T12_08_11_013Z-debug-0.log
11 silly logfile done cleaning log files
12 silly packumentCache heap:4345298944 maxSize:1086324736 maxEntrySize:543162368
13 silly idealTree buildDeps
14 silly fetch manifest vite@*
15 silly packumentCache full:https://registry.npmmirror.com/vite cache-miss
16 http fetch GET 200 https://registry.npmmirror.com/npm 316ms
17 http fetch GET 200 https://registry.npmmirror.com/vite 805ms (cache miss)
18 silly packumentCache full:https://registry.npmmirror.com/vite set size:6199178 disposed:false
19 silly fetch manifest @types/node@^20.19.0 || >=22.12.0
20 silly packumentCache full:https://registry.npmmirror.com/@types%2fnode cache-miss
21 http fetch GET 200 https://registry.npmmirror.com/@types%2fnode 208ms (cache miss)
22 silly packumentCache full:https://registry.npmmirror.com/@types%2fnode set size:1107200 disposed:false
23 silly fetch manifest jiti@>=1.21.0
24 silly packumentCache full:https://registry.npmmirror.com/jiti cache-miss
25 http fetch GET 200 https://registry.npmmirror.com/jiti 183ms (cache miss)
26 silly packumentCache full:https://registry.npmmirror.com/jiti set size:60368 disposed:false
27 silly fetch manifest less@^4.0.0
28 silly packumentCache full:https://registry.npmmirror.com/less cache-miss
29 http fetch GET 200 https://registry.npmmirror.com/less 178ms (cache miss)
30 silly packumentCache full:https://registry.npmmirror.com/less set size:46463 disposed:false
31 silly fetch manifest lightningcss@^1.21.0
32 silly packumentCache full:https://registry.npmmirror.com/lightningcss cache-miss
33 http fetch GET 200 https://registry.npmmirror.com/lightningcss 167ms (cache miss)
34 silly packumentCache full:https://registry.npmmirror.com/lightningcss set size:30737 disposed:false
35 silly fetch manifest sass@^1.70.0
36 silly packumentCache full:https://registry.npmmirror.com/sass cache-miss
37 http fetch GET 200 https://registry.npmmirror.com/sass 202ms (cache miss)
38 silly packumentCache full:https://registry.npmmirror.com/sass set size:120245 disposed:false
39 silly fetch manifest sass-embedded@^1.70.0
40 silly packumentCache full:https://registry.npmmirror.com/sass-embedded cache-miss
41 http fetch GET 200 https://registry.npmmirror.com/sass-embedded 193ms (cache miss)
42 silly packumentCache full:https://registry.npmmirror.com/sass-embedded set size:69723 disposed:false
43 silly fetch manifest stylus@>=0.54.8
44 silly packumentCache full:https://registry.npmmirror.com/stylus cache-miss
45 http fetch GET 200 https://registry.npmmirror.com/stylus 195ms (cache miss)
46 silly packumentCache full:https://registry.npmmirror.com/stylus set size:65235 disposed:false
47 silly fetch manifest sugarss@^5.0.0
48 silly packumentCache full:https://registry.npmmirror.com/sugarss cache-miss
49 http fetch GET 200 https://registry.npmmirror.com/sugarss 84ms (cache miss)
50 silly packumentCache full:https://registry.npmmirror.com/sugarss set size:8151 disposed:false
51 silly fetch manifest postcss@^8.3.3
52 silly packumentCache full:https://registry.npmmirror.com/postcss cache-miss
53 http fetch GET 200 https://registry.npmmirror.com/postcss 206ms (cache miss)
54 silly packumentCache full:https://registry.npmmirror.com/postcss set size:94293 disposed:false
55 silly fetch manifest terser@^5.16.0
56 silly packumentCache full:https://registry.npmmirror.com/terser cache-miss
57 http fetch GET 200 https://registry.npmmirror.com/terser 176ms (cache miss)
58 silly packumentCache full:https://registry.npmmirror.com/terser set size:108474 disposed:false
59 silly fetch manifest tsx@^4.8.1
60 silly packumentCache full:https://registry.npmmirror.com/tsx cache-miss
61 http fetch GET 200 https://registry.npmmirror.com/tsx 119ms (cache miss)
62 silly packumentCache full:https://registry.npmmirror.com/tsx set size:67009 disposed:false
63 silly fetch manifest yaml@^2.4.2
64 silly packumentCache full:https://registry.npmmirror.com/yaml cache-miss
65 http fetch GET 200 https://registry.npmmirror.com/yaml 77ms (cache miss)
66 silly packumentCache full:https://registry.npmmirror.com/yaml set size:52583 disposed:false
67 silly placeDep ROOT vite@7.1.9 OK for:  want: *
68 silly fetch manifest esbuild@^0.25.0
69 silly packumentCache full:https://registry.npmmirror.com/esbuild cache-miss
70 silly fetch manifest fdir@^6.5.0
71 silly packumentCache full:https://registry.npmmirror.com/fdir cache-miss
72 silly fetch manifest picomatch@^4.0.3
73 silly packumentCache full:https://registry.npmmirror.com/picomatch cache-miss
74 silly fetch manifest postcss@^8.5.6
75 silly packumentCache full:https://registry.npmmirror.com/postcss cache-hit
76 silly fetch manifest rollup@^4.43.0
77 silly packumentCache full:https://registry.npmmirror.com/rollup cache-miss
78 silly fetch manifest tinyglobby@^0.2.15
79 silly packumentCache full:https://registry.npmmirror.com/tinyglobby cache-miss
80 silly fetch manifest fsevents@~2.3.3
81 silly packumentCache full:https://registry.npmmirror.com/fsevents cache-miss
82 http fetch GET 200 https://registry.npmmirror.com/esbuild 91ms (cache miss)
83 silly packumentCache full:https://registry.npmmirror.com/esbuild set size:205957 disposed:false
84 http fetch GET 200 https://registry.npmmirror.com/tinyglobby 129ms (cache miss)
85 silly packumentCache full:https://registry.npmmirror.com/tinyglobby set size:9890 disposed:false
86 http fetch GET 200 https://registry.npmmirror.com/fsevents 184ms (cache miss)
87 silly packumentCache full:https://registry.npmmirror.com/fsevents set size:16348 disposed:false
88 http fetch GET 200 https://registry.npmmirror.com/picomatch 186ms (cache miss)
89 silly packumentCache full:https://registry.npmmirror.com/picomatch set size:22183 disposed:false
90 http fetch GET 200 https://registry.npmmirror.com/fdir 311ms (cache miss)
91 silly packumentCache full:https://registry.npmmirror.com/fdir set size:21942 disposed:false
92 http fetch GET 200 https://registry.npmmirror.com/rollup 731ms (cache miss)
93 silly packumentCache full:https://registry.npmmirror.com/rollup set size:646501 disposed:false
94 silly placeDep ROOT esbuild@0.25.10 OK for: vite@7.1.9 want: ^0.25.0
95 silly placeDep ROOT fdir@6.5.0 OK for: vite@7.1.9 want: ^6.5.0
96 silly placeDep ROOT fsevents@2.3.3 OK for: vite@7.1.9 want: ~2.3.3
97 silly placeDep ROOT picomatch@4.0.3 OK for: vite@7.1.9 want: ^4.0.3
98 silly placeDep ROOT postcss@8.5.6 OK for: vite@7.1.9 want: ^8.5.6
99 silly placeDep ROOT rollup@4.52.4 OK for: vite@7.1.9 want: ^4.43.0
100 silly placeDep ROOT tinyglobby@0.2.15 OK for: vite@7.1.9 want: ^0.2.15
101 silly fetch manifest @esbuild/aix-ppc64@0.25.10
102 silly packumentCache full:https://registry.npmmirror.com/@esbuild%2faix-ppc64 cache-miss
103 silly fetch manifest @esbuild/android-arm@0.25.10
104 silly packumentCache full:https://registry.npmmirror.com/@esbuild%2fandroid-arm cache-miss
105 silly fetch manifest @esbuild/android-arm64@0.25.10
106 silly packumentCache full:https://registry.npmmirror.com/@esbuild%2fandroid-arm64 cache-miss
107 silly fetch manifest @esbuild/android-x64@0.25.10
108 silly packumentCache full:https://registry.npmmirror.com/@esbuild%2fandroid-x64 cache-miss
109 silly fetch manifest @esbuild/darwin-arm64@0.25.10
110 silly packumentCache full:https://registry.npmmirror.com/@esbuild%2fdarwin-arm64 cache-miss
111 silly fetch manifest @esbuild/darwin-x64@0.25.10
112 silly packumentCache full:https://registry.npmmirror.com/@esbuild%2fdarwin-x64 cache-miss
113 silly fetch manifest @esbuild/freebsd-arm64@0.25.10
114 silly packumentCache full:https://registry.npmmirror.com/@esbuild%2ffreebsd-arm64 cache-miss
115 silly fetch manifest @esbuild/freebsd-x64@0.25.10
116 silly packumentCache full:https://registry.npmmirror.com/@esbuild%2ffreebsd-x64 cache-miss
117 silly fetch manifest @esbuild/linux-arm@0.25.10
118 silly packumentCache full:https://registry.npmmirror.com/@esbuild%2flinux-arm cache-miss
119 silly fetch manifest @esbuild/linux-arm64@0.25.10
120 silly packumentCache full:https://registry.npmmirror.com/@esbuild%2flinux-arm64 cache-miss
121 silly fetch manifest @esbuild/linux-ia32@0.25.10
122 silly packumentCache full:https://registry.npmmirror.com/@esbuild%2flinux-ia32 cache-miss
123 http fetch GET 200 https://registry.npmmirror.com/@esbuild%2faix-ppc64 121ms (cache miss)
124 silly packumentCache full:https://registry.npmmirror.com/@esbuild%2faix-ppc64 set size:10738 disposed:false
125 silly fetch manifest @esbuild/linux-loong64@0.25.10
126 silly packumentCache full:https://registry.npmmirror.com/@esbuild%2flinux-loong64 cache-miss
127 http fetch GET 200 https://registry.npmmirror.com/@esbuild%2fdarwin-x64 125ms (cache miss)
128 silly packumentCache full:https://registry.npmmirror.com/@esbuild%2fdarwin-x64 set size:55497 disposed:false
129 silly fetch manifest @esbuild/linux-mips64el@0.25.10
130 silly packumentCache full:https://registry.npmmirror.com/@esbuild%2flinux-mips64el cache-miss
131 http fetch GET 200 https://registry.npmmirror.com/@esbuild%2fdarwin-arm64 127ms (cache miss)
132 silly packumentCache full:https://registry.npmmirror.com/@esbuild%2fdarwin-arm64 set size:55868 disposed:false
133 silly fetch manifest @esbuild/linux-ppc64@0.25.10
134 silly packumentCache full:https://registry.npmmirror.com/@esbuild%2flinux-ppc64 cache-miss
135 http fetch GET 200 https://registry.npmmirror.com/@esbuild%2fandroid-x64 128ms (cache miss)
136 silly packumentCache full:https://registry.npmmirror.com/@esbuild%2fandroid-x64 set size:55606 disposed:false
137 silly fetch manifest @esbuild/linux-riscv64@0.25.10
138 silly packumentCache full:https://registry.npmmirror.com/@esbuild%2flinux-riscv64 cache-miss
139 http fetch GET 200 https://registry.npmmirror.com/@esbuild%2fandroid-arm 197ms (cache miss)
140 silly packumentCache full:https://registry.npmmirror.com/@esbuild%2fandroid-arm set size:65740 disposed:false
141 silly fetch manifest @esbuild/linux-s390x@0.25.10
142 silly packumentCache full:https://registry.npmmirror.com/@esbuild%2flinux-s390x cache-miss
143 http fetch GET 200 https://registry.npmmirror.com/@esbuild%2fandroid-arm64 259ms (cache miss)
144 silly packumentCache full:https://registry.npmmirror.com/@esbuild%2fandroid-arm64 set size:55755 disposed:false
145 silly fetch manifest @esbuild/linux-x64@0.25.10
146 silly packumentCache full:https://registry.npmmirror.com/@esbuild%2flinux-x64 cache-miss
147 http fetch GET 200 https://registry.npmmirror.com/@esbuild%2flinux-riscv64 135ms (cache miss)
148 silly packumentCache full:https://registry.npmmirror.com/@esbuild%2flinux-riscv64 set size:55812 disposed:false
149 silly fetch manifest @esbuild/netbsd-arm64@0.25.10
150 silly packumentCache full:https://registry.npmmirror.com/@esbuild%2fnetbsd-arm64 cache-miss
151 http fetch GET 200 https://registry.npmmirror.com/@esbuild%2flinux-ppc64 139ms (cache miss)
152 silly packumentCache full:https://registry.npmmirror.com/@esbuild%2flinux-ppc64 set size:55678 disposed:false
153 silly fetch manifest @esbuild/netbsd-x64@0.25.10
154 silly packumentCache full:https://registry.npmmirror.com/@esbuild%2fnetbsd-x64 cache-miss
155 http fetch GET 200 https://registry.npmmirror.com/@esbuild%2ffreebsd-x64 273ms (cache miss)
156 silly packumentCache full:https://registry.npmmirror.com/@esbuild%2ffreebsd-x64 set size:55685 disposed:false
157 silly fetch manifest @esbuild/openbsd-arm64@0.25.10
158 silly packumentCache full:https://registry.npmmirror.com/@esbuild%2fopenbsd-arm64 cache-miss
159 http fetch GET 200 https://registry.npmmirror.com/@esbuild%2flinux-ia32 276ms (cache miss)
160 silly packumentCache full:https://registry.npmmirror.com/@esbuild%2flinux-ia32 set size:55766 disposed:false
161 silly fetch manifest @esbuild/openbsd-x64@0.25.10
162 silly packumentCache full:https://registry.npmmirror.com/@esbuild%2fopenbsd-x64 cache-miss
163 http fetch GET 200 https://registry.npmmirror.com/@esbuild%2flinux-arm64 277ms (cache miss)
164 silly packumentCache full:https://registry.npmmirror.com/@esbuild%2flinux-arm64 set size:55636 disposed:false
165 silly fetch manifest @esbuild/openharmony-arm64@0.25.10
166 silly packumentCache full:https://registry.npmmirror.com/@esbuild%2fopenharmony-arm64 cache-miss
167 http fetch GET 200 https://registry.npmmirror.com/@esbuild%2ffreebsd-arm64 281ms (cache miss)
168 silly packumentCache full:https://registry.npmmirror.com/@esbuild%2ffreebsd-arm64 set size:55323 disposed:false
169 silly fetch manifest @esbuild/sunos-x64@0.25.10
170 silly packumentCache full:https://registry.npmmirror.com/@esbuild%2fsunos-x64 cache-miss
171 http fetch GET 200 https://registry.npmmirror.com/@esbuild%2flinux-arm 289ms (cache miss)
172 silly packumentCache full:https://registry.npmmirror.com/@esbuild%2flinux-arm set size:55077 disposed:false
173 silly fetch manifest @esbuild/win32-arm64@0.25.10
174 silly packumentCache full:https://registry.npmmirror.com/@esbuild%2fwin32-arm64 cache-miss
175 http fetch GET 200 https://registry.npmmirror.com/@esbuild%2flinux-s390x 99ms (cache miss)
176 silly packumentCache full:https://registry.npmmirror.com/@esbuild%2flinux-s390x set size:55721 disposed:false
177 silly fetch manifest @esbuild/win32-ia32@0.25.10
178 silly packumentCache full:https://registry.npmmirror.com/@esbuild%2fwin32-ia32 cache-miss
179 http fetch GET 200 https://registry.npmmirror.com/@esbuild%2flinux-loong64 217ms (cache miss)
180 silly packumentCache full:https://registry.npmmirror.com/@esbuild%2flinux-loong64 set size:75166 disposed:false
181 silly fetch manifest @esbuild/win32-x64@0.25.10
182 silly packumentCache full:https://registry.npmmirror.com/@esbuild%2fwin32-x64 cache-miss
183 http fetch GET 200 https://registry.npmmirror.com/@esbuild%2flinux-mips64el 224ms (cache miss)
184 silly packumentCache full:https://registry.npmmirror.com/@esbuild%2flinux-mips64el set size:55708 disposed:false
185 silly fetch manifest nanoid@^3.3.11
186 silly packumentCache full:https://registry.npmmirror.com/nanoid cache-miss
187 http fetch GET 200 https://registry.npmmirror.com/@esbuild%2fnetbsd-arm64 88ms (cache miss)
188 silly packumentCache full:https://registry.npmmirror.com/@esbuild%2fnetbsd-arm64 set size:5546 disposed:false
189 silly fetch manifest picocolors@^1.1.1
190 silly packumentCache full:https://registry.npmmirror.com/picocolors cache-miss
191 http fetch GET 200 https://registry.npmmirror.com/@esbuild%2fopenbsd-arm64 95ms (cache miss)
192 silly packumentCache full:https://registry.npmmirror.com/@esbuild%2fopenbsd-arm64 set size:6675 disposed:false
193 silly fetch manifest source-map-js@^1.2.1
194 silly packumentCache full:https://registry.npmmirror.com/source-map-js cache-miss
195 http fetch GET 200 https://registry.npmmirror.com/@esbuild%2fnetbsd-x64 103ms (cache miss)
196 silly packumentCache full:https://registry.npmmirror.com/@esbuild%2fnetbsd-x64 set size:55612 disposed:false
197 silly fetch manifest @types/estree@1.0.8
198 silly packumentCache full:https://registry.npmmirror.com/@types%2festree cache-miss
199 http fetch GET 200 https://registry.npmmirror.com/@esbuild%2fsunos-x64 140ms (cache miss)
200 silly packumentCache full:https://registry.npmmirror.com/@esbuild%2fsunos-x64 set size:55668 disposed:false
201 silly fetch manifest @rollup/rollup-darwin-arm64@4.52.4
202 silly packumentCache full:https://registry.npmmirror.com/@rollup%2frollup-darwin-arm64 cache-miss
203 http fetch GET 200 https://registry.npmmirror.com/@esbuild%2flinux-x64 165ms (cache miss)
204 silly packumentCache full:https://registry.npmmirror.com/@esbuild%2flinux-x64 set size:55426 disposed:false
205 silly fetch manifest @rollup/rollup-android-arm64@4.52.4
206 silly packumentCache full:https://registry.npmmirror.com/@rollup%2frollup-android-arm64 cache-miss
207 http fetch GET 200 https://registry.npmmirror.com/@esbuild%2fopenbsd-x64 160ms (cache miss)
208 silly packumentCache full:https://registry.npmmirror.com/@esbuild%2fopenbsd-x64 set size:55657 disposed:false
209 silly fetch manifest @rollup/rollup-win32-arm64-msvc@4.52.4
210 silly packumentCache full:https://registry.npmmirror.com/@rollup%2frollup-win32-arm64-msvc cache-miss
211 http fetch GET 200 https://registry.npmmirror.com/nanoid 89ms (cache miss)
212 silly packumentCache full:https://registry.npmmirror.com/nanoid set size:45536 disposed:false
213 silly fetch manifest @rollup/rollup-freebsd-arm64@4.52.4
214 silly packumentCache full:https://registry.npmmirror.com/@rollup%2frollup-freebsd-arm64 cache-miss
215 http fetch GET 200 https://registry.npmmirror.com/picocolors 110ms (cache miss)
216 silly packumentCache full:https://registry.npmmirror.com/picocolors set size:4040 disposed:false
217 silly fetch manifest @rollup/rollup-linux-arm64-gnu@4.52.4
218 silly packumentCache full:https://registry.npmmirror.com/@rollup%2frollup-linux-arm64-gnu cache-miss
219 http fetch GET 200 https://registry.npmmirror.com/@esbuild%2fopenharmony-arm64 220ms (cache miss)
220 silly packumentCache full:https://registry.npmmirror.com/@esbuild%2fopenharmony-arm64 set size:2775 disposed:false
221 silly fetch manifest @rollup/rollup-linux-arm64-musl@4.52.4
222 silly packumentCache full:https://registry.npmmirror.com/@rollup%2frollup-linux-arm64-musl cache-miss
223 http fetch GET 200 https://registry.npmmirror.com/source-map-js 130ms (cache miss)
224 silly packumentCache full:https://registry.npmmirror.com/source-map-js set size:14399 disposed:false
225 silly fetch manifest @rollup/rollup-android-arm-eabi@4.52.4
226 silly packumentCache full:https://registry.npmmirror.com/@rollup%2frollup-android-arm-eabi cache-miss
227 http fetch GET 200 https://registry.npmmirror.com/@esbuild%2fwin32-ia32 212ms (cache miss)
228 silly packumentCache full:https://registry.npmmirror.com/@esbuild%2fwin32-ia32 set size:56126 disposed:false
229 silly fetch manifest @rollup/rollup-linux-arm-gnueabihf@4.52.4
230 silly packumentCache full:https://registry.npmmirror.com/@rollup%2frollup-linux-arm-gnueabihf cache-miss
231 http fetch GET 200 https://registry.npmmirror.com/@esbuild%2fwin32-arm64 227ms (cache miss)
232 silly packumentCache full:https://registry.npmmirror.com/@esbuild%2fwin32-arm64 set size:55693 disposed:false
233 silly fetch manifest @rollup/rollup-linux-arm-musleabihf@4.52.4
234 silly packumentCache full:https://registry.npmmirror.com/@rollup%2frollup-linux-arm-musleabihf cache-miss
235 http fetch GET 200 https://registry.npmmirror.com/@esbuild%2fwin32-x64 189ms (cache miss)
236 silly packumentCache full:https://registry.npmmirror.com/@esbuild%2fwin32-x64 set size:56046 disposed:false
237 silly fetch manifest @rollup/rollup-win32-ia32-msvc@4.52.4
238 silly packumentCache full:https://registry.npmmirror.com/@rollup%2frollup-win32-ia32-msvc cache-miss
239 http fetch GET 200 https://registry.npmmirror.com/@rollup%2frollup-darwin-arm64 128ms (cache miss)
240 silly packumentCache full:https://registry.npmmirror.com/@rollup%2frollup-darwin-arm64 set size:61526 disposed:false
241 silly fetch manifest @rollup/rollup-linux-loong64-gnu@4.52.4
242 silly packumentCache full:https://registry.npmmirror.com/@rollup%2frollup-linux-loong64-gnu cache-miss
243 http fetch GET 200 https://registry.npmmirror.com/@rollup%2frollup-android-arm64 138ms (cache miss)
244 silly packumentCache full:https://registry.npmmirror.com/@rollup%2frollup-android-arm64 set size:61850 disposed:false
245 silly fetch manifest @rollup/rollup-linux-riscv64-gnu@4.52.4
246 silly packumentCache full:https://registry.npmmirror.com/@rollup%2frollup-linux-riscv64-gnu cache-miss
247 http fetch GET 200 https://registry.npmmirror.com/@rollup%2frollup-win32-arm64-msvc 129ms (cache miss)
248 silly packumentCache full:https://registry.npmmirror.com/@rollup%2frollup-win32-arm64-msvc set size:61929 disposed:false
249 silly fetch manifest @rollup/rollup-linux-riscv64-musl@4.52.4
250 silly packumentCache full:https://registry.npmmirror.com/@rollup%2frollup-linux-riscv64-musl cache-miss
251 http fetch GET 200 https://registry.npmmirror.com/@rollup%2frollup-linux-arm64-musl 119ms (cache miss)
252 silly packumentCache full:https://registry.npmmirror.com/@rollup%2frollup-linux-arm64-musl set size:52918 disposed:false
253 silly fetch manifest @rollup/rollup-linux-ppc64-gnu@4.52.4
254 silly packumentCache full:https://registry.npmmirror.com/@rollup%2frollup-linux-ppc64-gnu cache-miss
255 http fetch GET 200 https://registry.npmmirror.com/@rollup%2frollup-linux-arm-gnueabihf 113ms (cache miss)
256 silly packumentCache full:https://registry.npmmirror.com/@rollup%2frollup-linux-arm-gnueabihf set size:62276 disposed:false
257 silly fetch manifest @rollup/rollup-linux-s390x-gnu@4.52.4
258 silly packumentCache full:https://registry.npmmirror.com/@rollup%2frollup-linux-s390x-gnu cache-miss
259 http fetch GET 200 https://registry.npmmirror.com/@rollup%2frollup-linux-arm64-gnu 163ms (cache miss)
260 silly packumentCache full:https://registry.npmmirror.com/@rollup%2frollup-linux-arm64-gnu set size:61765 disposed:false
261 silly fetch manifest @rollup/rollup-darwin-x64@4.52.4
262 silly packumentCache full:https://registry.npmmirror.com/@rollup%2frollup-darwin-x64 cache-miss
263 http fetch GET 200 https://registry.npmmirror.com/@rollup%2frollup-linux-arm-musleabihf 113ms (cache miss)
264 silly packumentCache full:https://registry.npmmirror.com/@rollup%2frollup-linux-arm-musleabihf set size:40956 disposed:false
265 silly fetch manifest @rollup/rollup-win32-x64-gnu@4.52.4
266 silly packumentCache full:https://registry.npmmirror.com/@rollup%2frollup-win32-x64-gnu cache-miss
267 http fetch GET 200 https://registry.npmmirror.com/@rollup%2frollup-android-arm-eabi 160ms (cache miss)
268 silly packumentCache full:https://registry.npmmirror.com/@rollup%2frollup-android-arm-eabi set size:61765 disposed:false
269 silly fetch manifest @rollup/rollup-win32-x64-msvc@4.52.4
270 silly packumentCache full:https://registry.npmmirror.com/@rollup%2frollup-win32-x64-msvc cache-miss
271 http fetch GET 200 https://registry.npmmirror.com/@types%2festree 296ms (cache miss)
272 silly packumentCache full:https://registry.npmmirror.com/@types%2festree set size:16110 disposed:false
273 silly fetch manifest @rollup/rollup-freebsd-x64@4.52.4
274 silly packumentCache full:https://registry.npmmirror.com/@rollup%2frollup-freebsd-x64 cache-miss
275 http fetch GET 200 https://registry.npmmirror.com/@rollup%2frollup-win32-ia32-msvc 144ms (cache miss)
276 silly packumentCache full:https://registry.npmmirror.com/@rollup%2frollup-win32-ia32-msvc set size:62082 disposed:false
277 silly fetch manifest @rollup/rollup-linux-x64-gnu@4.52.4
278 silly packumentCache full:https://registry.npmmirror.com/@rollup%2frollup-linux-x64-gnu cache-miss
279 http fetch GET 200 https://registry.npmmirror.com/@rollup%2frollup-freebsd-arm64 238ms (cache miss)
280 silly packumentCache full:https://registry.npmmirror.com/@rollup%2frollup-freebsd-arm64 set size:30431 disposed:false
281 silly fetch manifest @rollup/rollup-linux-x64-musl@4.52.4
282 silly packumentCache full:https://registry.npmmirror.com/@rollup%2frollup-linux-x64-musl cache-miss
283 http fetch GET 200 https://registry.npmmirror.com/@rollup%2frollup-linux-loong64-gnu 132ms (cache miss)
284 silly packumentCache full:https://registry.npmmirror.com/@rollup%2frollup-linux-loong64-gnu set size:5303 disposed:false
285 silly fetch manifest @rollup/rollup-openharmony-arm64@4.52.4
286 silly packumentCache full:https://registry.npmmirror.com/@rollup%2frollup-openharmony-arm64 cache-miss
287 http fetch GET 200 https://registry.npmmirror.com/@rollup%2frollup-linux-riscv64-gnu 122ms (cache miss)
288 silly packumentCache full:https://registry.npmmirror.com/@rollup%2frollup-linux-riscv64-gnu set size:47274 disposed:false
289 http fetch GET 200 https://registry.npmmirror.com/@rollup%2frollup-linux-ppc64-gnu 147ms (cache miss)
290 silly packumentCache full:https://registry.npmmirror.com/@rollup%2frollup-linux-ppc64-gnu set size:10132 disposed:false
291 http fetch GET 200 https://registry.npmmirror.com/@rollup%2frollup-linux-riscv64-musl 198ms (cache miss)
292 silly packumentCache full:https://registry.npmmirror.com/@rollup%2frollup-linux-riscv64-musl set size:15265 disposed:false
293 http fetch GET 200 https://registry.npmmirror.com/@rollup%2frollup-win32-x64-gnu 138ms (cache miss)
294 silly packumentCache full:https://registry.npmmirror.com/@rollup%2frollup-win32-x64-gnu set size:4429 disposed:false
295 http fetch GET 200 https://registry.npmmirror.com/@rollup%2frollup-darwin-x64 145ms (cache miss)
296 silly packumentCache full:https://registry.npmmirror.com/@rollup%2frollup-darwin-x64 set size:61407 disposed:false
297 http fetch GET 200 https://registry.npmmirror.com/@rollup%2frollup-freebsd-x64 110ms (cache miss)
298 silly packumentCache full:https://registry.npmmirror.com/@rollup%2frollup-freebsd-x64 set size:30845 disposed:false
299 http fetch GET 200 https://registry.npmmirror.com/@rollup%2frollup-linux-x64-musl 100ms (cache miss)
300 silly packumentCache full:https://registry.npmmirror.com/@rollup%2frollup-linux-x64-musl set size:61628 disposed:false
301 http fetch GET 200 https://registry.npmmirror.com/@rollup%2frollup-linux-x64-gnu 117ms (cache miss)
302 silly packumentCache full:https://registry.npmmirror.com/@rollup%2frollup-linux-x64-gnu set size:61430 disposed:false
303 http fetch GET 200 https://registry.npmmirror.com/@rollup%2frollup-win32-x64-msvc 176ms (cache miss)
304 silly packumentCache full:https://registry.npmmirror.com/@rollup%2frollup-win32-x64-msvc set size:61589 disposed:false
305 http fetch GET 200 https://registry.npmmirror.com/@rollup%2frollup-openharmony-arm64 225ms (cache miss)
306 silly packumentCache full:https://registry.npmmirror.com/@rollup%2frollup-openharmony-arm64 set size:5934 disposed:false
307 http fetch GET 200 https://registry.npmmirror.com/@rollup%2frollup-linux-s390x-gnu 285ms (cache miss)
308 silly packumentCache full:https://registry.npmmirror.com/@rollup%2frollup-linux-s390x-gnu set size:42280 disposed:false
309 silly placeDep ROOT @esbuild/aix-ppc64@0.25.10 OK for: esbuild@0.25.10 want: 0.25.10
310 silly placeDep ROOT @esbuild/android-arm@0.25.10 OK for: esbuild@0.25.10 want: 0.25.10
311 silly placeDep ROOT @esbuild/android-arm64@0.25.10 OK for: esbuild@0.25.10 want: 0.25.10
312 silly placeDep ROOT @esbuild/android-x64@0.25.10 OK for: esbuild@0.25.10 want: 0.25.10
313 silly placeDep ROOT @esbuild/darwin-arm64@0.25.10 OK for: esbuild@0.25.10 want: 0.25.10
314 silly placeDep ROOT @esbuild/darwin-x64@0.25.10 OK for: esbuild@0.25.10 want: 0.25.10
315 silly placeDep ROOT @esbuild/freebsd-arm64@0.25.10 OK for: esbuild@0.25.10 want: 0.25.10
316 silly placeDep ROOT @esbuild/freebsd-x64@0.25.10 OK for: esbuild@0.25.10 want: 0.25.10
317 silly placeDep ROOT @esbuild/linux-arm@0.25.10 OK for: esbuild@0.25.10 want: 0.25.10
318 silly placeDep ROOT @esbuild/linux-arm64@0.25.10 OK for: esbuild@0.25.10 want: 0.25.10
319 silly placeDep ROOT @esbuild/linux-ia32@0.25.10 OK for: esbuild@0.25.10 want: 0.25.10
320 silly placeDep ROOT @esbuild/linux-loong64@0.25.10 OK for: esbuild@0.25.10 want: 0.25.10
321 silly placeDep ROOT @esbuild/linux-mips64el@0.25.10 OK for: esbuild@0.25.10 want: 0.25.10
322 silly placeDep ROOT @esbuild/linux-ppc64@0.25.10 OK for: esbuild@0.25.10 want: 0.25.10
323 silly placeDep ROOT @esbuild/linux-riscv64@0.25.10 OK for: esbuild@0.25.10 want: 0.25.10
324 silly placeDep ROOT @esbuild/linux-s390x@0.25.10 OK for: esbuild@0.25.10 want: 0.25.10
325 silly placeDep ROOT @esbuild/linux-x64@0.25.10 OK for: esbuild@0.25.10 want: 0.25.10
326 silly placeDep ROOT @esbuild/netbsd-arm64@0.25.10 OK for: esbuild@0.25.10 want: 0.25.10
327 silly placeDep ROOT @esbuild/netbsd-x64@0.25.10 OK for: esbuild@0.25.10 want: 0.25.10
328 silly placeDep ROOT @esbuild/openbsd-arm64@0.25.10 OK for: esbuild@0.25.10 want: 0.25.10
329 silly placeDep ROOT @esbuild/openbsd-x64@0.25.10 OK for: esbuild@0.25.10 want: 0.25.10
330 silly placeDep ROOT @esbuild/openharmony-arm64@0.25.10 OK for: esbuild@0.25.10 want: 0.25.10
331 silly placeDep ROOT @esbuild/sunos-x64@0.25.10 OK for: esbuild@0.25.10 want: 0.25.10
332 silly placeDep ROOT @esbuild/win32-arm64@0.25.10 OK for: esbuild@0.25.10 want: 0.25.10
333 silly placeDep ROOT @esbuild/win32-ia32@0.25.10 OK for: esbuild@0.25.10 want: 0.25.10
334 silly placeDep ROOT @esbuild/win32-x64@0.25.10 OK for: esbuild@0.25.10 want: 0.25.10
335 silly placeDep ROOT nanoid@3.3.11 OK for: postcss@8.5.6 want: ^3.3.11
336 silly placeDep ROOT picocolors@1.1.1 OK for: postcss@8.5.6 want: ^1.1.1
337 silly placeDep ROOT source-map-js@1.2.1 OK for: postcss@8.5.6 want: ^1.2.1
338 silly placeDep ROOT @rollup/rollup-android-arm-eabi@4.52.4 OK for: rollup@4.52.4 want: 4.52.4
339 silly placeDep ROOT @rollup/rollup-android-arm64@4.52.4 OK for: rollup@4.52.4 want: 4.52.4
340 silly placeDep ROOT @rollup/rollup-darwin-arm64@4.52.4 OK for: rollup@4.52.4 want: 4.52.4
341 silly placeDep ROOT @rollup/rollup-darwin-x64@4.52.4 OK for: rollup@4.52.4 want: 4.52.4
342 silly placeDep ROOT @rollup/rollup-freebsd-arm64@4.52.4 OK for: rollup@4.52.4 want: 4.52.4
343 silly placeDep ROOT @rollup/rollup-freebsd-x64@4.52.4 OK for: rollup@4.52.4 want: 4.52.4
344 silly placeDep ROOT @rollup/rollup-linux-arm-gnueabihf@4.52.4 OK for: rollup@4.52.4 want: 4.52.4
345 silly placeDep ROOT @rollup/rollup-linux-arm-musleabihf@4.52.4 OK for: rollup@4.52.4 want: 4.52.4
346 silly placeDep ROOT @rollup/rollup-linux-arm64-gnu@4.52.4 OK for: rollup@4.52.4 want: 4.52.4
347 silly placeDep ROOT @rollup/rollup-linux-arm64-musl@4.52.4 OK for: rollup@4.52.4 want: 4.52.4
348 silly placeDep ROOT @rollup/rollup-linux-loong64-gnu@4.52.4 OK for: rollup@4.52.4 want: 4.52.4
349 silly placeDep ROOT @rollup/rollup-linux-ppc64-gnu@4.52.4 OK for: rollup@4.52.4 want: 4.52.4
350 silly placeDep ROOT @rollup/rollup-linux-riscv64-gnu@4.52.4 OK for: rollup@4.52.4 want: 4.52.4
351 silly placeDep ROOT @rollup/rollup-linux-riscv64-musl@4.52.4 OK for: rollup@4.52.4 want: 4.52.4
352 silly placeDep ROOT @rollup/rollup-linux-s390x-gnu@4.52.4 OK for: rollup@4.52.4 want: 4.52.4
353 silly placeDep ROOT @rollup/rollup-linux-x64-gnu@4.52.4 OK for: rollup@4.52.4 want: 4.52.4
354 silly placeDep ROOT @rollup/rollup-linux-x64-musl@4.52.4 OK for: rollup@4.52.4 want: 4.52.4
355 silly placeDep ROOT @rollup/rollup-openharmony-arm64@4.52.4 OK for: rollup@4.52.4 want: 4.52.4
356 silly placeDep ROOT @rollup/rollup-win32-arm64-msvc@4.52.4 OK for: rollup@4.52.4 want: 4.52.4
357 silly placeDep ROOT @rollup/rollup-win32-ia32-msvc@4.52.4 OK for: rollup@4.52.4 want: 4.52.4
358 silly placeDep ROOT @rollup/rollup-win32-x64-gnu@4.52.4 OK for: rollup@4.52.4 want: 4.52.4
359 silly placeDep ROOT @rollup/rollup-win32-x64-msvc@4.52.4 OK for: rollup@4.52.4 want: 4.52.4
360 silly placeDep ROOT @types/estree@1.0.8 OK for: rollup@4.52.4 want: 1.0.8
361 silly reify moves {}
362 silly audit bulk request {
362 silly audit   vite: [ '7.1.9' ],
362 silly audit   esbuild: [ '0.25.10' ],
362 silly audit   fdir: [ '6.5.0' ],
362 silly audit   fsevents: [ '2.3.3' ],
362 silly audit   picomatch: [ '4.0.3' ],
362 silly audit   postcss: [ '8.5.6' ],
362 silly audit   rollup: [ '4.52.4' ],
362 silly audit   tinyglobby: [ '0.2.15' ],
362 silly audit   '@esbuild/aix-ppc64': [ '0.25.10' ],
362 silly audit   '@esbuild/android-arm': [ '0.25.10' ],
362 silly audit   '@esbuild/android-arm64': [ '0.25.10' ],
362 silly audit   '@esbuild/android-x64': [ '0.25.10' ],
362 silly audit   '@esbuild/darwin-arm64': [ '0.25.10' ],
362 silly audit   '@esbuild/darwin-x64': [ '0.25.10' ],
362 silly audit   '@esbuild/freebsd-arm64': [ '0.25.10' ],
362 silly audit   '@esbuild/freebsd-x64': [ '0.25.10' ],
362 silly audit   '@esbuild/linux-arm': [ '0.25.10' ],
362 silly audit   '@esbuild/linux-arm64': [ '0.25.10' ],
362 silly audit   '@esbuild/linux-ia32': [ '0.25.10' ],
362 silly audit   '@esbuild/linux-loong64': [ '0.25.10' ],
362 silly audit   '@esbuild/linux-mips64el': [ '0.25.10' ],
362 silly audit   '@esbuild/linux-ppc64': [ '0.25.10' ],
362 silly audit   '@esbuild/linux-riscv64': [ '0.25.10' ],
362 silly audit   '@esbuild/linux-s390x': [ '0.25.10' ],
362 silly audit   '@esbuild/linux-x64': [ '0.25.10' ],
362 silly audit   '@esbuild/netbsd-arm64': [ '0.25.10' ],
362 silly audit   '@esbuild/netbsd-x64': [ '0.25.10' ],
362 silly audit   '@esbuild/openbsd-arm64': [ '0.25.10' ],
362 silly audit   '@esbuild/openbsd-x64': [ '0.25.10' ],
362 silly audit   '@esbuild/openharmony-arm64': [ '0.25.10' ],
362 silly audit   '@esbuild/sunos-x64': [ '0.25.10' ],
362 silly audit   '@esbuild/win32-arm64': [ '0.25.10' ],
362 silly audit   '@esbuild/win32-ia32': [ '0.25.10' ],
362 silly audit   '@esbuild/win32-x64': [ '0.25.10' ],
362 silly audit   nanoid: [ '3.3.11' ],
362 silly audit   picocolors: [ '1.1.1' ],
362 silly audit   'source-map-js': [ '1.2.1' ],
362 silly audit   '@rollup/rollup-android-arm-eabi': [ '4.52.4' ],
362 silly audit   '@rollup/rollup-android-arm64': [ '4.52.4' ],
362 silly audit   '@rollup/rollup-darwin-arm64': [ '4.52.4' ],
362 silly audit   '@rollup/rollup-darwin-x64': [ '4.52.4' ],
362 silly audit   '@rollup/rollup-freebsd-arm64': [ '4.52.4' ],
362 silly audit   '@rollup/rollup-freebsd-x64': [ '4.52.4' ],
362 silly audit   '@rollup/rollup-linux-arm-gnueabihf': [ '4.52.4' ],
362 silly audit   '@rollup/rollup-linux-arm-musleabihf': [ '4.52.4' ],
362 silly audit   '@rollup/rollup-linux-arm64-gnu': [ '4.52.4' ],
362 silly audit   '@rollup/rollup-linux-arm64-musl': [ '4.52.4' ],
362 silly audit   '@rollup/rollup-linux-loong64-gnu': [ '4.52.4' ],
362 silly audit   '@rollup/rollup-linux-ppc64-gnu': [ '4.52.4' ],
362 silly audit   '@rollup/rollup-linux-riscv64-gnu': [ '4.52.4' ],
362 silly audit   '@rollup/rollup-linux-riscv64-musl': [ '4.52.4' ],
362 silly audit   '@rollup/rollup-linux-s390x-gnu': [ '4.52.4' ],
362 silly audit   '@rollup/rollup-linux-x64-gnu': [ '4.52.4' ],
362 silly audit   '@rollup/rollup-linux-x64-musl': [ '4.52.4' ],
362 silly audit   '@rollup/rollup-openharmony-arm64': [ '4.52.4' ],
362 silly audit   '@rollup/rollup-win32-arm64-msvc': [ '4.52.4' ],
362 silly audit   '@rollup/rollup-win32-ia32-msvc': [ '4.52.4' ],
362 silly audit   '@rollup/rollup-win32-x64-gnu': [ '4.52.4' ],
362 silly audit   '@rollup/rollup-win32-x64-msvc': [ '4.52.4' ],
362 silly audit   '@types/estree': [ '1.0.8' ]
362 silly audit }
363 verbose reify failed optional dependency D:\interpretation-platform\node_modules\@rollup\rollup-win32-ia32-msvc
364 silly reify mark deleted [
364 silly reify   'D:\\interpretation-platform\\node_modules\\@rollup\\rollup-win32-ia32-msvc'
364 silly reify ]
365 verbose reify failed optional dependency D:\interpretation-platform\node_modules\@rollup\rollup-win32-arm64-msvc
366 silly reify mark deleted [
366 silly reify   'D:\\interpretation-platform\\node_modules\\@rollup\\rollup-win32-arm64-msvc'
366 silly reify ]
367 verbose reify failed optional dependency D:\interpretation-platform\node_modules\@rollup\rollup-openharmony-arm64
368 silly reify mark deleted [
368 silly reify   'D:\\interpretation-platform\\node_modules\\@rollup\\rollup-openharmony-arm64'
368 silly reify ]
369 verbose reify failed optional dependency D:\interpretation-platform\node_modules\@rollup\rollup-linux-x64-musl
370 silly reify mark deleted [
370 silly reify   'D:\\interpretation-platform\\node_modules\\@rollup\\rollup-linux-x64-musl'
370 silly reify ]
371 verbose reify failed optional dependency D:\interpretation-platform\node_modules\@rollup\rollup-linux-x64-gnu
372 silly reify mark deleted [
372 silly reify   'D:\\interpretation-platform\\node_modules\\@rollup\\rollup-linux-x64-gnu'
372 silly reify ]
373 verbose reify failed optional dependency D:\interpretation-platform\node_modules\@rollup\rollup-linux-s390x-gnu
374 silly reify mark deleted [
374 silly reify   'D:\\interpretation-platform\\node_modules\\@rollup\\rollup-linux-s390x-gnu'
374 silly reify ]
375 verbose reify failed optional dependency D:\interpretation-platform\node_modules\@rollup\rollup-linux-riscv64-musl
376 silly reify mark deleted [
376 silly reify   'D:\\interpretation-platform\\node_modules\\@rollup\\rollup-linux-riscv64-musl'
376 silly reify ]
377 verbose reify failed optional dependency D:\interpretation-platform\node_modules\@rollup\rollup-linux-riscv64-gnu
378 silly reify mark deleted [
378 silly reify   'D:\\interpretation-platform\\node_modules\\@rollup\\rollup-linux-riscv64-gnu'
378 silly reify ]
379 verbose reify failed optional dependency D:\interpretation-platform\node_modules\@rollup\rollup-linux-ppc64-gnu
380 silly reify mark deleted [
380 silly reify   'D:\\interpretation-platform\\node_modules\\@rollup\\rollup-linux-ppc64-gnu'
380 silly reify ]
381 verbose reify failed optional dependency D:\interpretation-platform\node_modules\@rollup\rollup-linux-loong64-gnu
382 silly reify mark deleted [
382 silly reify   'D:\\interpretation-platform\\node_modules\\@rollup\\rollup-linux-loong64-gnu'
382 silly reify ]
383 verbose reify failed optional dependency D:\interpretation-platform\node_modules\@rollup\rollup-linux-arm64-musl
384 silly reify mark deleted [
384 silly reify   'D:\\interpretation-platform\\node_modules\\@rollup\\rollup-linux-arm64-musl'
384 silly reify ]
385 verbose reify failed optional dependency D:\interpretation-platform\node_modules\@rollup\rollup-linux-arm64-gnu
386 silly reify mark deleted [
386 silly reify   'D:\\interpretation-platform\\node_modules\\@rollup\\rollup-linux-arm64-gnu'
386 silly reify ]
387 verbose reify failed optional dependency D:\interpretation-platform\node_modules\@rollup\rollup-linux-arm-musleabihf
388 silly reify mark deleted [
388 silly reify   'D:\\interpretation-platform\\node_modules\\@rollup\\rollup-linux-arm-musleabihf'
388 silly reify ]
389 verbose reify failed optional dependency D:\interpretation-platform\node_modules\@rollup\rollup-linux-arm-gnueabihf
390 silly reify mark deleted [
390 silly reify   'D:\\interpretation-platform\\node_modules\\@rollup\\rollup-linux-arm-gnueabihf'
390 silly reify ]
391 verbose reify failed optional dependency D:\interpretation-platform\node_modules\@rollup\rollup-freebsd-x64
392 silly reify mark deleted [
392 silly reify   'D:\\interpretation-platform\\node_modules\\@rollup\\rollup-freebsd-x64'
392 silly reify ]
393 verbose reify failed optional dependency D:\interpretation-platform\node_modules\@rollup\rollup-freebsd-arm64
394 silly reify mark deleted [
394 silly reify   'D:\\interpretation-platform\\node_modules\\@rollup\\rollup-freebsd-arm64'
394 silly reify ]
395 verbose reify failed optional dependency D:\interpretation-platform\node_modules\@rollup\rollup-darwin-x64
396 silly reify mark deleted [
396 silly reify   'D:\\interpretation-platform\\node_modules\\@rollup\\rollup-darwin-x64'
396 silly reify ]
397 verbose reify failed optional dependency D:\interpretation-platform\node_modules\@rollup\rollup-darwin-arm64
398 silly reify mark deleted [
398 silly reify   'D:\\interpretation-platform\\node_modules\\@rollup\\rollup-darwin-arm64'
398 silly reify ]
399 verbose reify failed optional dependency D:\interpretation-platform\node_modules\@rollup\rollup-android-arm64
400 silly reify mark deleted [
400 silly reify   'D:\\interpretation-platform\\node_modules\\@rollup\\rollup-android-arm64'
400 silly reify ]
401 verbose reify failed optional dependency D:\interpretation-platform\node_modules\@rollup\rollup-android-arm-eabi
402 silly reify mark deleted [
402 silly reify   'D:\\interpretation-platform\\node_modules\\@rollup\\rollup-android-arm-eabi'
402 silly reify ]
403 verbose reify failed optional dependency D:\interpretation-platform\node_modules\@esbuild\win32-ia32
404 silly reify mark deleted [ 'D:\\interpretation-platform\\node_modules\\@esbuild\\win32-ia32' ]
405 verbose reify failed optional dependency D:\interpretation-platform\node_modules\@esbuild\win32-arm64
406 silly reify mark deleted [ 'D:\\interpretation-platform\\node_modules\\@esbuild\\win32-arm64' ]
407 verbose reify failed optional dependency D:\interpretation-platform\node_modules\@esbuild\sunos-x64
408 silly reify mark deleted [ 'D:\\interpretation-platform\\node_modules\\@esbuild\\sunos-x64' ]
409 verbose reify failed optional dependency D:\interpretation-platform\node_modules\@esbuild\openharmony-arm64
410 silly reify mark deleted [
410 silly reify   'D:\\interpretation-platform\\node_modules\\@esbuild\\openharmony-arm64'
410 silly reify ]
411 verbose reify failed optional dependency D:\interpretation-platform\node_modules\@esbuild\openbsd-x64
412 silly reify mark deleted [ 'D:\\interpretation-platform\\node_modules\\@esbuild\\openbsd-x64' ]
413 verbose reify failed optional dependency D:\interpretation-platform\node_modules\@esbuild\openbsd-arm64
414 silly reify mark deleted [
414 silly reify   'D:\\interpretation-platform\\node_modules\\@esbuild\\openbsd-arm64'
414 silly reify ]
415 verbose reify failed optional dependency D:\interpretation-platform\node_modules\@esbuild\netbsd-x64
416 silly reify mark deleted [ 'D:\\interpretation-platform\\node_modules\\@esbuild\\netbsd-x64' ]
417 verbose reify failed optional dependency D:\interpretation-platform\node_modules\@esbuild\netbsd-arm64
418 silly reify mark deleted [ 'D:\\interpretation-platform\\node_modules\\@esbuild\\netbsd-arm64' ]
419 verbose reify failed optional dependency D:\interpretation-platform\node_modules\@esbuild\linux-x64
420 silly reify mark deleted [ 'D:\\interpretation-platform\\node_modules\\@esbuild\\linux-x64' ]
421 verbose reify failed optional dependency D:\interpretation-platform\node_modules\@esbuild\linux-s390x
422 silly reify mark deleted [ 'D:\\interpretation-platform\\node_modules\\@esbuild\\linux-s390x' ]
423 verbose reify failed optional dependency D:\interpretation-platform\node_modules\@esbuild\linux-riscv64
424 silly reify mark deleted [
424 silly reify   'D:\\interpretation-platform\\node_modules\\@esbuild\\linux-riscv64'
424 silly reify ]
425 verbose reify failed optional dependency D:\interpretation-platform\node_modules\@esbuild\linux-ppc64
426 silly reify mark deleted [ 'D:\\interpretation-platform\\node_modules\\@esbuild\\linux-ppc64' ]
427 verbose reify failed optional dependency D:\interpretation-platform\node_modules\@esbuild\linux-mips64el
428 silly reify mark deleted [
428 silly reify   'D:\\interpretation-platform\\node_modules\\@esbuild\\linux-mips64el'
428 silly reify ]
429 verbose reify failed optional dependency D:\interpretation-platform\node_modules\@esbuild\linux-loong64
430 silly reify mark deleted [
430 silly reify   'D:\\interpretation-platform\\node_modules\\@esbuild\\linux-loong64'
430 silly reify ]
431 verbose reify failed optional dependency D:\interpretation-platform\node_modules\@esbuild\linux-ia32
432 silly reify mark deleted [ 'D:\\interpretation-platform\\node_modules\\@esbuild\\linux-ia32' ]
433 verbose reify failed optional dependency D:\interpretation-platform\node_modules\@esbuild\linux-arm64
434 silly reify mark deleted [ 'D:\\interpretation-platform\\node_modules\\@esbuild\\linux-arm64' ]
435 verbose reify failed optional dependency D:\interpretation-platform\node_modules\@esbuild\linux-arm
436 silly reify mark deleted [ 'D:\\interpretation-platform\\node_modules\\@esbuild\\linux-arm' ]
437 verbose reify failed optional dependency D:\interpretation-platform\node_modules\@esbuild\freebsd-x64
438 silly reify mark deleted [ 'D:\\interpretation-platform\\node_modules\\@esbuild\\freebsd-x64' ]
439 verbose reify failed optional dependency D:\interpretation-platform\node_modules\@esbuild\freebsd-arm64
440 silly reify mark deleted [
440 silly reify   'D:\\interpretation-platform\\node_modules\\@esbuild\\freebsd-arm64'
440 silly reify ]
441 verbose reify failed optional dependency D:\interpretation-platform\node_modules\@esbuild\darwin-x64
442 silly reify mark deleted [ 'D:\\interpretation-platform\\node_modules\\@esbuild\\darwin-x64' ]
443 verbose reify failed optional dependency D:\interpretation-platform\node_modules\@esbuild\darwin-arm64
444 silly reify mark deleted [ 'D:\\interpretation-platform\\node_modules\\@esbuild\\darwin-arm64' ]
445 verbose reify failed optional dependency D:\interpretation-platform\node_modules\@esbuild\android-x64
446 silly reify mark deleted [ 'D:\\interpretation-platform\\node_modules\\@esbuild\\android-x64' ]
447 verbose reify failed optional dependency D:\interpretation-platform\node_modules\@esbuild\android-arm64
448 silly reify mark deleted [
448 silly reify   'D:\\interpretation-platform\\node_modules\\@esbuild\\android-arm64'
448 silly reify ]
449 verbose reify failed optional dependency D:\interpretation-platform\node_modules\@esbuild\android-arm
450 silly reify mark deleted [ 'D:\\interpretation-platform\\node_modules\\@esbuild\\android-arm' ]
451 verbose reify failed optional dependency D:\interpretation-platform\node_modules\@esbuild\aix-ppc64
452 silly reify mark deleted [ 'D:\\interpretation-platform\\node_modules\\@esbuild\\aix-ppc64' ]
453 verbose reify failed optional dependency D:\interpretation-platform\node_modules\fsevents
454 silly reify mark deleted [ 'D:\\interpretation-platform\\node_modules\\fsevents' ]
455 http cache @types/estree@https://registry.npmmirror.com/@types/estree/-/estree-1.0.8.tgz 0ms (cache hit)
456 http cache @rollup/rollup-win32-x64-gnu@https://registry.npmmirror.com/@rollup/rollup-win32-x64-gnu/-/rollup-win32-x64-gnu-4.52.4.tgz 0ms (cache hit)
457 http cache @rollup/rollup-win32-x64-msvc@https://registry.npmmirror.com/@rollup/rollup-win32-x64-msvc/-/rollup-win32-x64-msvc-4.52.4.tgz 0ms (cache hit)
458 http cache source-map-js@https://registry.npmmirror.com/source-map-js/-/source-map-js-1.2.1.tgz 0ms (cache hit)
459 http cache picocolors@https://registry.npmmirror.com/picocolors/-/picocolors-1.1.1.tgz 0ms (cache hit)
460 http cache nanoid@https://registry.npmmirror.com/nanoid/-/nanoid-3.3.11.tgz 0ms (cache hit)
461 http cache @esbuild/win32-x64@https://registry.npmmirror.com/@esbuild/win32-x64/-/win32-x64-0.25.10.tgz 0ms (cache hit)
462 http cache tinyglobby@https://registry.npmmirror.com/tinyglobby/-/tinyglobby-0.2.15.tgz 0ms (cache hit)
463 http cache rollup@https://registry.npmmirror.com/rollup/-/rollup-4.52.4.tgz 0ms (cache hit)
464 http cache picomatch@https://registry.npmmirror.com/picomatch/-/picomatch-4.0.3.tgz 0ms (cache hit)
465 http cache postcss@https://registry.npmmirror.com/postcss/-/postcss-8.5.6.tgz 0ms (cache hit)
466 http cache vite@https://registry.npmmirror.com/vite/-/vite-7.1.9.tgz 0ms (cache hit)
467 http cache fdir@https://registry.npmmirror.com/fdir/-/fdir-6.5.0.tgz 0ms (cache hit)
468 http cache esbuild@https://registry.npmmirror.com/esbuild/-/esbuild-0.25.10.tgz 0ms (cache hit)
469 silly tarball no local data for @types/estree@https://registry.npmmirror.com/@types/estree/-/estree-1.0.8.tgz. Extracting by manifest.
470 silly tarball no local data for @rollup/rollup-win32-x64-gnu@https://registry.npmmirror.com/@rollup/rollup-win32-x64-gnu/-/rollup-win32-x64-gnu-4.52.4.tgz. Extracting by manifest.
471 silly tarball no local data for @rollup/rollup-win32-x64-msvc@https://registry.npmmirror.com/@rollup/rollup-win32-x64-msvc/-/rollup-win32-x64-msvc-4.52.4.tgz. Extracting by manifest.
472 silly tarball no local data for source-map-js@https://registry.npmmirror.com/source-map-js/-/source-map-js-1.2.1.tgz. Extracting by manifest.
473 silly tarball no local data for picocolors@https://registry.npmmirror.com/picocolors/-/picocolors-1.1.1.tgz. Extracting by manifest.
474 silly tarball no local data for nanoid@https://registry.npmmirror.com/nanoid/-/nanoid-3.3.11.tgz. Extracting by manifest.
475 silly tarball no local data for @esbuild/win32-x64@https://registry.npmmirror.com/@esbuild/win32-x64/-/win32-x64-0.25.10.tgz. Extracting by manifest.
476 silly tarball no local data for tinyglobby@https://registry.npmmirror.com/tinyglobby/-/tinyglobby-0.2.15.tgz. Extracting by manifest.
477 silly tarball no local data for rollup@https://registry.npmmirror.com/rollup/-/rollup-4.52.4.tgz. Extracting by manifest.
478 silly tarball no local data for picomatch@https://registry.npmmirror.com/picomatch/-/picomatch-4.0.3.tgz. Extracting by manifest.
479 silly tarball no local data for postcss@https://registry.npmmirror.com/postcss/-/postcss-8.5.6.tgz. Extracting by manifest.
480 silly tarball no local data for vite@https://registry.npmmirror.com/vite/-/vite-7.1.9.tgz. Extracting by manifest.
481 silly tarball no local data for fdir@https://registry.npmmirror.com/fdir/-/fdir-6.5.0.tgz. Extracting by manifest.
482 silly tarball no local data for esbuild@https://registry.npmmirror.com/esbuild/-/esbuild-0.25.10.tgz. Extracting by manifest.
483 http fetch POST 404 https://registry.npmmirror.com/-/npm/v1/security/advisories/bulk 36ms
484 silly audit bulk request failed [object Object]
485 http fetch POST 404 https://registry.npmmirror.com/-/npm/v1/security/audits/quick 16ms
486 verbose audit error HttpErrorGeneral: 404 Not Found - POST https://registry.npmmirror.com/-/npm/v1/security/audits/quick - [NOT_IMPLEMENTED] /-/npm/v1/security/* not implemented yet
486 verbose audit error     at D:\Node.js\node_modules\npm\node_modules\npm-registry-fetch\lib\check-response.js:103:15
486 verbose audit error     at process.processTicksAndRejections (node:internal/process/task_queues:105:5)
486 verbose audit error     at async [getReport] (D:\Node.js\node_modules\npm\node_modules\@npmcli\arborist\lib\audit-report.js:336:21)
486 verbose audit error     at async AuditReport.run (D:\Node.js\node_modules\npm\node_modules\@npmcli\arborist\lib\audit-report.js:106:19) {
486 verbose audit error   headers: [Object: null prototype] {
486 verbose audit error     server: [ 'Tengine' ],
486 verbose audit error     date: [ 'Sun, 12 Oct 2025 12:08:17 GMT' ],
486 verbose audit error     'content-type': [ 'application/json' ],
486 verbose audit error     'transfer-encoding': [ 'chunked' ],
486 verbose audit error     connection: [ 'keep-alive' ],
486 verbose audit error     'strict-transport-security': [ 'max-age=5184000' ],
486 verbose audit error     via: [ 'ens-cache1.cn7433[,404666]' ],
486 verbose audit error     'timing-allow-origin': [ '*' ],
486 verbose audit error     eagleid: [ 'dec0ba1517602708972592617e' ],
486 verbose audit error     'x-fetch-attempts': [ '1' ]
486 verbose audit error   },
486 verbose audit error   statusCode: 404,
486 verbose audit error   code: 'E404',
486 verbose audit error   method: 'POST',
486 verbose audit error   uri: 'https://registry.npmmirror.com/-/npm/v1/security/audits/quick',
486 verbose audit error   body: {
486 verbose audit error     error: '[NOT_IMPLEMENTED] /-/npm/v1/security/* not implemented yet'
486 verbose audit error   },
486 verbose audit error   pkgid: undefined
486 verbose audit error }
487 silly audit error [object Object]
488 silly audit report null
489 http fetch GET 200 https://cdn.npmmirror.com/packages/%40types/estree/1.0.8/estree-1.0.8.tgz 280ms (cache miss)
490 http fetch GET 200 https://cdn.npmmirror.com/packages/nanoid/3.3.11/nanoid-3.3.11.tgz 282ms (cache miss)
491 http fetch GET 200 https://cdn.npmmirror.com/packages/picocolors/1.1.1/picocolors-1.1.1.tgz 297ms (cache miss)
492 http fetch GET 200 https://cdn.npmmirror.com/packages/tinyglobby/0.2.15/tinyglobby-0.2.15.tgz 324ms (cache miss)
493 http fetch GET 200 https://cdn.npmmirror.com/packages/fdir/6.5.0/fdir-6.5.0.tgz 327ms (cache miss)
494 http fetch GET 200 https://cdn.npmmirror.com/packages/picomatch/4.0.3/picomatch-4.0.3.tgz 344ms (cache miss)
495 http fetch GET 200 https://cdn.npmmirror.com/packages/source-map-js/1.2.1/source-map-js-1.2.1.tgz 378ms (cache miss)
496 http fetch GET 200 https://cdn.npmmirror.com/packages/esbuild/0.25.10/esbuild-0.25.10.tgz 378ms (cache miss)
497 http fetch GET 200 https://cdn.npmmirror.com/packages/rollup/4.52.4/rollup-4.52.4.tgz 481ms (cache miss)
498 http fetch GET 200 https://cdn.npmmirror.com/packages/vite/7.1.9/vite-7.1.9.tgz 536ms (cache miss)
499 http fetch GET 200 https://cdn.npmmirror.com/packages/%40rollup/rollup-win32-x64-gnu/4.52.4/rollup-win32-x64-gnu-4.52.4.tgz 603ms (cache miss)
500 http fetch GET 200 https://cdn.npmmirror.com/packages/postcss/8.5.6/postcss-8.5.6.tgz 733ms (cache miss)
501 http fetch GET 200 https://cdn.npmmirror.com/packages/%40rollup/rollup-win32-x64-msvc/4.52.4/rollup-win32-x64-msvc-4.52.4.tgz 910ms (cache miss)
502 http fetch GET 200 https://cdn.npmmirror.com/packages/%40esbuild/win32-x64/0.25.10/win32-x64-0.25.10.tgz 1063ms (cache miss)
503 info run esbuild@0.25.10 postinstall node_modules/esbuild node install.js
504 info run esbuild@0.25.10 postinstall { code: 0, signal: null }
505 silly ADD node_modules/@types/estree
506 silly ADD node_modules/@rollup/rollup-win32-x64-msvc
507 silly ADD node_modules/@rollup/rollup-win32-x64-gnu
508 silly ADD
509 silly ADD
510 silly ADD
511 silly ADD
512 silly ADD
513 silly ADD
514 silly ADD
515 silly ADD
516 silly ADD
517 silly ADD
518 silly ADD
519 silly ADD
520 silly ADD
521 silly ADD
522 silly ADD
523 silly ADD
524 silly ADD
525 silly ADD
526 silly ADD
527 silly ADD
528 silly ADD node_modules/source-map-js
529 silly ADD node_modules/picocolors
530 silly ADD node_modules/nanoid
531 silly ADD node_modules/@esbuild/win32-x64
532 silly ADD
533 silly ADD
534 silly ADD
535 silly ADD
536 silly ADD
537 silly ADD
538 silly ADD
539 silly ADD
540 silly ADD
541 silly ADD
542 silly ADD
543 silly ADD
544 silly ADD
545 silly ADD
546 silly ADD
547 silly ADD
548 silly ADD
549 silly ADD
550 silly ADD
551 silly ADD
552 silly ADD
553 silly ADD
554 silly ADD
555 silly ADD
556 silly ADD
557 silly ADD node_modules/tinyglobby
558 silly ADD node_modules/rollup
559 silly ADD node_modules/postcss
560 silly ADD node_modules/picomatch
561 silly ADD
562 silly ADD node_modules/fdir
563 silly ADD node_modules/esbuild
564 silly ADD node_modules/vite
565 verbose cwd D:\interpretation-platform
566 verbose os Windows_NT 10.0.22631
567 verbose node v22.20.0
568 verbose npm  v10.9.3
569 notice
569 notice New [31mmajor[39m version of npm available! [31m10.9.3[39m -> [34m11.6.2[39m
569 notice Changelog: [34mhttps://github.com/npm/cli/releases/tag/v11.6.2[39m
569 notice To update run: [4mnpm install -g npm@11.6.2[24m
569 notice  { force: true, [Symbol(proc-log.meta)]: true }
570 verbose exit 0
571 info ok
