0 verbose cli D:\Node.js\node.exe D:\Node.js\node_modules\npm\bin\npm-cli.js
1 info using npm@10.9.3
2 info using node@v22.20.0
3 silly config load:file:D:\Node.js\node_modules\npm\npmrc
4 silly config load:file:D:\interpretation-platform\.npmrc
5 silly config load:file:C:\Users\左欣雨\.npmrc
6 silly config load:file:D:\Node.js\node_global\etc\npmrc
7 verbose title npm install @vitejs/plugin-react
8 verbose argv "install" "@vitejs/plugin-react" "--save-dev"
9 verbose logfile logs-max:10 dir:D:\interpretation-platform\npm_cache\_logs\2025-10-12T12_11_16_496Z-
10 verbose logfile D:\interpretation-platform\npm_cache\_logs\2025-10-12T12_11_16_496Z-debug-0.log
11 silly logfile done cleaning log files
12 silly packumentCache heap:4345298944 maxSize:1086324736 maxEntrySize:543162368
13 silly idealTree buildDeps
14 silly fetch manifest @vitejs/plugin-react@*
15 silly packumentCache full:https://registry.npmmirror.com/@vitejs%2fplugin-react cache-miss
16 http fetch GET 200 https://registry.npmmirror.com/@vitejs%2fplugin-react 351ms (cache miss)
17 silly packumentCache full:https://registry.npmmirror.com/@vitejs%2fplugin-react set size:52132 disposed:false
18 silly fetch manifest vite@^7.1.9
19 silly packumentCache full:https://registry.npmmirror.com/vite cache-miss
20 http fetch GET 200 https://registry.npmmirror.com/vite 729ms (cache miss)
21 silly packumentCache full:https://registry.npmmirror.com/vite set size:6199178 disposed:false
22 silly fetch manifest @types/node@^20.19.0 || >=22.12.0
23 silly packumentCache full:https://registry.npmmirror.com/@types%2fnode cache-miss
24 http fetch GET 200 https://registry.npmmirror.com/@types%2fnode 323ms (cache miss)
25 silly packumentCache full:https://registry.npmmirror.com/@types%2fnode set size:1107200 disposed:false
26 silly fetch manifest jiti@>=1.21.0
27 silly packumentCache full:https://registry.npmmirror.com/jiti cache-miss
28 http fetch GET 200 https://registry.npmmirror.com/jiti 24ms (cache miss)
29 silly packumentCache full:https://registry.npmmirror.com/jiti set size:60368 disposed:false
30 silly fetch manifest less@^4.0.0
31 silly packumentCache full:https://registry.npmmirror.com/less cache-miss
32 http fetch GET 200 https://registry.npmmirror.com/less 114ms (cache miss)
33 silly packumentCache full:https://registry.npmmirror.com/less set size:46463 disposed:false
34 silly fetch manifest lightningcss@^1.21.0
35 silly packumentCache full:https://registry.npmmirror.com/lightningcss cache-miss
36 http fetch GET 200 https://registry.npmmirror.com/lightningcss 25ms (cache miss)
37 silly packumentCache full:https://registry.npmmirror.com/lightningcss set size:30737 disposed:false
38 silly fetch manifest sass@^1.70.0
39 silly packumentCache full:https://registry.npmmirror.com/sass cache-miss
40 http fetch GET 200 https://registry.npmmirror.com/sass 37ms (cache miss)
41 silly packumentCache full:https://registry.npmmirror.com/sass set size:120245 disposed:false
42 silly fetch manifest sass-embedded@^1.70.0
43 silly packumentCache full:https://registry.npmmirror.com/sass-embedded cache-miss
44 http fetch GET 200 https://registry.npmmirror.com/sass-embedded 213ms (cache miss)
45 silly packumentCache full:https://registry.npmmirror.com/sass-embedded set size:69723 disposed:false
46 silly fetch manifest stylus@>=0.54.8
47 silly packumentCache full:https://registry.npmmirror.com/stylus cache-miss
48 http fetch GET 200 https://registry.npmmirror.com/stylus 27ms (cache miss)
49 silly packumentCache full:https://registry.npmmirror.com/stylus set size:65235 disposed:false
50 silly fetch manifest sugarss@^5.0.0
51 silly packumentCache full:https://registry.npmmirror.com/sugarss cache-miss
52 http fetch GET 200 https://registry.npmmirror.com/sugarss 20ms (cache miss)
53 silly packumentCache full:https://registry.npmmirror.com/sugarss set size:8151 disposed:false
54 silly fetch manifest postcss@^8.3.3
55 silly packumentCache full:https://registry.npmmirror.com/postcss cache-miss
56 http fetch GET 200 https://registry.npmmirror.com/postcss 108ms (cache miss)
57 silly packumentCache full:https://registry.npmmirror.com/postcss set size:94293 disposed:false
58 silly fetch manifest terser@^5.16.0
59 silly packumentCache full:https://registry.npmmirror.com/terser cache-miss
60 http fetch GET 200 https://registry.npmmirror.com/terser 43ms (cache miss)
61 silly packumentCache full:https://registry.npmmirror.com/terser set size:108474 disposed:false
62 silly fetch manifest tsx@^4.8.1
63 silly packumentCache full:https://registry.npmmirror.com/tsx cache-miss
64 http fetch GET 200 https://registry.npmmirror.com/tsx 31ms (cache miss)
65 silly packumentCache full:https://registry.npmmirror.com/tsx set size:67009 disposed:false
66 silly fetch manifest yaml@^2.4.2
67 silly packumentCache full:https://registry.npmmirror.com/yaml cache-miss
68 http fetch GET 200 https://registry.npmmirror.com/yaml 261ms (cache miss)
69 silly packumentCache full:https://registry.npmmirror.com/yaml set size:52583 disposed:false
70 silly placeDep ROOT @vitejs/plugin-react@5.0.4 OK for:  want: *
71 silly fetch manifest @babel/core@^7.28.4
72 silly packumentCache full:https://registry.npmmirror.com/@babel%2fcore cache-miss
73 silly fetch manifest @babel/plugin-transform-react-jsx-self@^7.27.1
74 silly packumentCache full:https://registry.npmmirror.com/@babel%2fplugin-transform-react-jsx-self cache-miss
75 silly fetch manifest @babel/plugin-transform-react-jsx-source@^7.27.1
76 silly packumentCache full:https://registry.npmmirror.com/@babel%2fplugin-transform-react-jsx-source cache-miss
77 silly fetch manifest @rolldown/pluginutils@1.0.0-beta.38
78 silly packumentCache full:https://registry.npmmirror.com/@rolldown%2fpluginutils cache-miss
79 silly fetch manifest @types/babel__core@^7.20.5
80 silly packumentCache full:https://registry.npmmirror.com/@types%2fbabel__core cache-miss
81 silly fetch manifest react-refresh@^0.17.0
82 silly packumentCache full:https://registry.npmmirror.com/react-refresh cache-miss
83 http fetch GET 200 https://registry.npmmirror.com/@babel%2fplugin-transform-react-jsx-self 184ms (cache miss)
84 silly packumentCache full:https://registry.npmmirror.com/@babel%2fplugin-transform-react-jsx-self set size:33870 disposed:false
85 http fetch GET 200 https://registry.npmmirror.com/@babel%2fcore 223ms (cache miss)
86 silly packumentCache full:https://registry.npmmirror.com/@babel%2fcore set size:104416 disposed:false
87 http fetch GET 200 https://registry.npmmirror.com/@types%2fbabel__core 291ms (cache miss)
88 silly packumentCache full:https://registry.npmmirror.com/@types%2fbabel__core set size:14948 disposed:false
89 http fetch GET 200 https://registry.npmmirror.com/@babel%2fplugin-transform-react-jsx-source 295ms (cache miss)
90 silly packumentCache full:https://registry.npmmirror.com/@babel%2fplugin-transform-react-jsx-source set size:33393 disposed:false
91 http fetch GET 200 https://registry.npmmirror.com/@rolldown%2fpluginutils 315ms (cache miss)
92 silly packumentCache full:https://registry.npmmirror.com/@rolldown%2fpluginutils set size:33806 disposed:false
93 http fetch GET 200 https://registry.npmmirror.com/react-refresh 742ms (cache miss)
94 silly packumentCache full:https://registry.npmmirror.com/react-refresh set size:1070649 disposed:false
95 silly placeDep ROOT @babel/core@7.28.4 OK for: @vitejs/plugin-react@5.0.4 want: ^7.28.4
96 silly placeDep ROOT @babel/plugin-transform-react-jsx-self@7.27.1 OK for: @vitejs/plugin-react@5.0.4 want: ^7.27.1
97 silly placeDep ROOT @babel/plugin-transform-react-jsx-source@7.27.1 OK for: @vitejs/plugin-react@5.0.4 want: ^7.27.1
98 silly placeDep ROOT @rolldown/pluginutils@1.0.0-beta.38 OK for: @vitejs/plugin-react@5.0.4 want: 1.0.0-beta.38
99 silly placeDep ROOT @types/babel__core@7.20.5 OK for: @vitejs/plugin-react@5.0.4 want: ^7.20.5
100 silly placeDep ROOT react-refresh@0.17.0 OK for: @vitejs/plugin-react@5.0.4 want: ^0.17.0
101 silly fetch manifest @babel/code-frame@^7.27.1
102 silly packumentCache full:https://registry.npmmirror.com/@babel%2fcode-frame cache-miss
103 silly fetch manifest @babel/generator@^7.28.3
104 silly packumentCache full:https://registry.npmmirror.com/@babel%2fgenerator cache-miss
105 silly fetch manifest @babel/helper-compilation-targets@^7.27.2
106 silly packumentCache full:https://registry.npmmirror.com/@babel%2fhelper-compilation-targets cache-miss
107 silly fetch manifest @babel/helper-module-transforms@^7.28.3
108 silly packumentCache full:https://registry.npmmirror.com/@babel%2fhelper-module-transforms cache-miss
109 silly fetch manifest @babel/helpers@^7.28.4
110 silly packumentCache full:https://registry.npmmirror.com/@babel%2fhelpers cache-miss
111 silly fetch manifest @babel/parser@^7.28.4
112 silly packumentCache full:https://registry.npmmirror.com/@babel%2fparser cache-miss
113 silly fetch manifest @babel/template@^7.27.2
114 silly packumentCache full:https://registry.npmmirror.com/@babel%2ftemplate cache-miss
115 silly fetch manifest @babel/traverse@^7.28.4
116 silly packumentCache full:https://registry.npmmirror.com/@babel%2ftraverse cache-miss
117 silly fetch manifest @babel/types@^7.28.4
118 silly packumentCache full:https://registry.npmmirror.com/@babel%2ftypes cache-miss
119 silly fetch manifest @jridgewell/remapping@^2.3.5
120 silly packumentCache full:https://registry.npmmirror.com/@jridgewell%2fremapping cache-miss
121 silly fetch manifest convert-source-map@^2.0.0
122 silly packumentCache full:https://registry.npmmirror.com/convert-source-map cache-miss
123 http fetch GET 200 https://registry.npmmirror.com/@babel%2fcode-frame 103ms (cache miss)
124 silly packumentCache full:https://registry.npmmirror.com/@babel%2fcode-frame set size:31864 disposed:false
125 silly fetch manifest debug@^4.1.0
126 silly packumentCache full:https://registry.npmmirror.com/debug cache-miss
127 http fetch GET 200 https://registry.npmmirror.com/@babel%2fhelper-module-transforms 158ms (cache miss)
128 silly packumentCache full:https://registry.npmmirror.com/@babel%2fhelper-module-transforms set size:55226 disposed:false
129 silly fetch manifest gensync@^1.0.0-beta.2
130 silly packumentCache full:https://registry.npmmirror.com/gensync cache-miss
131 http fetch GET 200 https://registry.npmmirror.com/@babel%2fgenerator 237ms (cache miss)
132 silly packumentCache full:https://registry.npmmirror.com/@babel%2fgenerator set size:85354 disposed:false
133 silly fetch manifest json5@^2.2.3
134 silly packumentCache full:https://registry.npmmirror.com/json5 cache-miss
135 http fetch GET 200 https://registry.npmmirror.com/convert-source-map 266ms (cache miss)
136 silly packumentCache full:https://registry.npmmirror.com/convert-source-map set size:13633 disposed:false
137 silly fetch manifest semver@^6.3.1
138 silly packumentCache full:https://registry.npmmirror.com/semver cache-miss
139 http fetch GET 200 https://registry.npmmirror.com/@babel%2fhelpers 273ms (cache miss)
140 silly packumentCache full:https://registry.npmmirror.com/@babel%2fhelpers set size:67020 disposed:false
141 silly fetch manifest @babel/helper-plugin-utils@^7.27.1
142 silly packumentCache full:https://registry.npmmirror.com/@babel%2fhelper-plugin-utils cache-miss
143 http fetch GET 200 https://registry.npmmirror.com/@babel%2fhelper-compilation-targets 284ms (cache miss)
144 silly packumentCache full:https://registry.npmmirror.com/@babel%2fhelper-compilation-targets set size:38588 disposed:false
145 silly fetch manifest @babel/helper-plugin-utils@^7.27.1
146 silly packumentCache full:https://registry.npmmirror.com/@babel%2fhelper-plugin-utils cache-miss
147 http fetch GET 200 https://registry.npmmirror.com/@jridgewell%2fremapping 283ms (cache miss)
148 silly packumentCache full:https://registry.npmmirror.com/@jridgewell%2fremapping set size:6023 disposed:false
149 silly fetch manifest @babel/parser@^7.20.7
150 silly packumentCache full:https://registry.npmmirror.com/@babel%2fparser cache-miss
151 http fetch GET 200 https://registry.npmmirror.com/@babel%2fparser 292ms (cache miss)
152 silly packumentCache full:https://registry.npmmirror.com/@babel%2fparser set size:103746 disposed:false
153 silly fetch manifest @babel/types@^7.20.7
154 silly packumentCache full:https://registry.npmmirror.com/@babel%2ftypes cache-miss
155 http fetch GET 200 https://registry.npmmirror.com/debug 220ms (cache miss)
156 silly packumentCache full:https://registry.npmmirror.com/debug set size:32038 disposed:false
157 silly fetch manifest @types/babel__generator@*
158 silly packumentCache full:https://registry.npmmirror.com/@types%2fbabel__generator cache-miss
159 http fetch GET 200 https://registry.npmmirror.com/@babel%2ftemplate 351ms (cache miss)
160 silly packumentCache full:https://registry.npmmirror.com/@babel%2ftemplate set size:36513 disposed:false
161 silly fetch manifest @types/babel__template@*
162 silly packumentCache full:https://registry.npmmirror.com/@types%2fbabel__template cache-miss
163 http fetch GET 200 https://registry.npmmirror.com/@babel%2fparser 71ms (cache miss)
164 silly packumentCache full:https://registry.npmmirror.com/@babel%2fparser set size:103746 disposed:false
165 silly packumentCache full:https://registry.npmmirror.com/@babel%2fparser dispose
166 silly fetch manifest @types/babel__traverse@*
167 silly packumentCache full:https://registry.npmmirror.com/@types%2fbabel__traverse cache-miss
168 http fetch GET 200 https://registry.npmmirror.com/semver 103ms (cache miss)
169 silly packumentCache full:https://registry.npmmirror.com/semver set size:44452 disposed:false
170 http fetch GET 200 https://registry.npmmirror.com/@babel%2ftypes 82ms (cache miss)
171 silly packumentCache full:https://registry.npmmirror.com/@babel%2ftypes set size:77857 disposed:false
172 http fetch GET 200 https://registry.npmmirror.com/@babel%2ftypes 385ms (cache miss)
173 silly packumentCache full:https://registry.npmmirror.com/@babel%2ftypes set size:77857 disposed:false
174 silly packumentCache full:https://registry.npmmirror.com/@babel%2ftypes dispose
175 http fetch GET 200 https://registry.npmmirror.com/@babel%2fhelper-plugin-utils 105ms (cache miss)
176 silly packumentCache full:https://registry.npmmirror.com/@babel%2fhelper-plugin-utils set size:31006 disposed:false
177 http fetch GET 200 https://registry.npmmirror.com/json5 156ms (cache miss)
178 silly packumentCache full:https://registry.npmmirror.com/json5 set size:18850 disposed:false
179 http fetch GET 200 https://registry.npmmirror.com/@babel%2fhelper-plugin-utils 117ms (cache miss)
180 silly packumentCache full:https://registry.npmmirror.com/@babel%2fhelper-plugin-utils set size:31006 disposed:false
181 silly packumentCache full:https://registry.npmmirror.com/@babel%2fhelper-plugin-utils dispose
182 http fetch GET 200 https://registry.npmmirror.com/@babel%2ftraverse 396ms (cache miss)
183 silly packumentCache full:https://registry.npmmirror.com/@babel%2ftraverse set size:91270 disposed:false
184 http fetch GET 200 https://registry.npmmirror.com/gensync 253ms (cache miss)
185 silly packumentCache full:https://registry.npmmirror.com/gensync set size:3930 disposed:false
186 http fetch GET 200 https://registry.npmmirror.com/@types%2fbabel__generator 128ms (cache miss)
187 silly packumentCache full:https://registry.npmmirror.com/@types%2fbabel__generator set size:6271 disposed:false
188 http fetch GET 200 https://registry.npmmirror.com/@types%2fbabel__traverse 131ms (cache miss)
189 silly packumentCache full:https://registry.npmmirror.com/@types%2fbabel__traverse set size:19838 disposed:false
190 http fetch GET 200 https://registry.npmmirror.com/@types%2fbabel__template 189ms (cache miss)
191 silly packumentCache full:https://registry.npmmirror.com/@types%2fbabel__template set size:4175 disposed:false
192 silly fetch manifest @babel/core@^7.0.0
193 silly packumentCache full:https://registry.npmmirror.com/@babel%2fcore cache-hit
194 silly placeDep ROOT @babel/code-frame@7.27.1 OK for: @babel/core@7.28.4 want: ^7.27.1
195 silly placeDep ROOT @babel/generator@7.28.3 OK for: @babel/core@7.28.4 want: ^7.28.3
196 silly placeDep ROOT @babel/helper-compilation-targets@7.27.2 OK for: @babel/core@7.28.4 want: ^7.27.2
197 silly placeDep ROOT @babel/helper-module-transforms@7.28.3 OK for: @babel/core@7.28.4 want: ^7.28.3
198 silly placeDep ROOT @babel/helpers@7.28.4 OK for: @babel/core@7.28.4 want: ^7.28.4
199 silly placeDep ROOT @babel/parser@7.28.4 OK for: @babel/core@7.28.4 want: ^7.28.4
200 silly placeDep ROOT @babel/template@7.27.2 OK for: @babel/core@7.28.4 want: ^7.27.2
201 silly placeDep ROOT @babel/traverse@7.28.4 OK for: @babel/core@7.28.4 want: ^7.28.4
202 silly placeDep ROOT @babel/types@7.28.4 OK for: @babel/core@7.28.4 want: ^7.28.4
203 silly placeDep ROOT @jridgewell/remapping@2.3.5 OK for: @babel/core@7.28.4 want: ^2.3.5
204 silly placeDep ROOT convert-source-map@2.0.0 OK for: @babel/core@7.28.4 want: ^2.0.0
205 silly placeDep ROOT debug@4.4.3 OK for: @babel/core@7.28.4 want: ^4.1.0
206 silly placeDep ROOT gensync@1.0.0-beta.2 OK for: @babel/core@7.28.4 want: ^1.0.0-beta.2
207 silly placeDep ROOT json5@2.2.3 OK for: @babel/core@7.28.4 want: ^2.2.3
208 silly placeDep ROOT semver@6.3.1 OK for: @babel/core@7.28.4 want: ^6.3.1
209 silly fetch manifest @babel/helper-validator-identifier@^7.27.1
210 silly packumentCache full:https://registry.npmmirror.com/@babel%2fhelper-validator-identifier cache-miss
211 silly fetch manifest js-tokens@^4.0.0
212 silly packumentCache full:https://registry.npmmirror.com/js-tokens cache-miss
213 silly fetch manifest @babel/parser@^7.28.3
214 silly packumentCache full:https://registry.npmmirror.com/@babel%2fparser cache-hit
215 silly fetch manifest @babel/types@^7.28.2
216 silly packumentCache full:https://registry.npmmirror.com/@babel%2ftypes cache-hit
217 silly fetch manifest @jridgewell/gen-mapping@^0.3.12
218 silly packumentCache full:https://registry.npmmirror.com/@jridgewell%2fgen-mapping cache-miss
219 silly fetch manifest @jridgewell/trace-mapping@^0.3.28
220 silly packumentCache full:https://registry.npmmirror.com/@jridgewell%2ftrace-mapping cache-miss
221 silly fetch manifest jsesc@^3.0.2
222 silly packumentCache full:https://registry.npmmirror.com/jsesc cache-miss
223 silly fetch manifest @babel/compat-data@^7.27.2
224 silly packumentCache full:https://registry.npmmirror.com/@babel%2fcompat-data cache-miss
225 silly fetch manifest @babel/helper-validator-option@^7.27.1
226 silly packumentCache full:https://registry.npmmirror.com/@babel%2fhelper-validator-option cache-miss
227 silly fetch manifest browserslist@^4.24.0
228 silly packumentCache full:https://registry.npmmirror.com/browserslist cache-miss
229 silly fetch manifest lru-cache@^5.1.1
230 silly packumentCache full:https://registry.npmmirror.com/lru-cache cache-miss
231 silly fetch manifest @babel/helper-module-imports@^7.27.1
232 silly packumentCache full:https://registry.npmmirror.com/@babel%2fhelper-module-imports cache-miss
233 silly fetch manifest @babel/helper-validator-identifier@^7.27.1
234 silly packumentCache full:https://registry.npmmirror.com/@babel%2fhelper-validator-identifier cache-miss
235 http fetch GET 200 https://registry.npmmirror.com/js-tokens 94ms (cache miss)
236 silly packumentCache full:https://registry.npmmirror.com/js-tokens set size:9450 disposed:false
237 silly fetch manifest @babel/traverse@^7.28.3
238 silly packumentCache full:https://registry.npmmirror.com/@babel%2ftraverse cache-hit
239 silly fetch manifest @babel/types@^7.27.1
240 silly packumentCache full:https://registry.npmmirror.com/@babel%2ftypes cache-hit
241 silly fetch manifest @babel/helper-globals@^7.28.0
242 silly packumentCache full:https://registry.npmmirror.com/@babel%2fhelper-globals cache-miss
243 http fetch GET 200 https://registry.npmmirror.com/@jridgewell%2ftrace-mapping 98ms (cache miss)
244 silly packumentCache full:https://registry.npmmirror.com/@jridgewell%2ftrace-mapping set size:40595 disposed:false
245 silly fetch manifest debug@^4.3.1
246 silly packumentCache full:https://registry.npmmirror.com/debug cache-hit
247 silly fetch manifest @babel/helper-string-parser@^7.27.1
248 silly packumentCache full:https://registry.npmmirror.com/@babel%2fhelper-string-parser cache-miss
249 http fetch GET 200 https://registry.npmmirror.com/@babel%2fhelper-validator-identifier 97ms (cache miss)
250 silly packumentCache full:https://registry.npmmirror.com/@babel%2fhelper-validator-identifier set size:21439 disposed:false
251 silly fetch manifest @jridgewell/gen-mapping@^0.3.5
252 silly packumentCache full:https://registry.npmmirror.com/@jridgewell%2fgen-mapping cache-miss
253 http fetch GET 200 https://registry.npmmirror.com/@babel%2fhelper-validator-identifier 104ms (cache miss)
254 silly packumentCache full:https://registry.npmmirror.com/@babel%2fhelper-validator-identifier set size:21439 disposed:false
255 silly packumentCache full:https://registry.npmmirror.com/@babel%2fhelper-validator-identifier dispose
256 silly fetch manifest @jridgewell/trace-mapping@^0.3.24
257 silly packumentCache full:https://registry.npmmirror.com/@jridgewell%2ftrace-mapping cache-hit
258 silly fetch manifest ms@^2.1.3
259 silly packumentCache full:https://registry.npmmirror.com/ms cache-miss
260 http fetch GET 200 https://registry.npmmirror.com/jsesc 122ms (cache miss)
261 silly packumentCache full:https://registry.npmmirror.com/jsesc set size:12774 disposed:false
262 http fetch GET 200 https://registry.npmmirror.com/@babel%2fhelper-validator-option 138ms (cache miss)
263 silly packumentCache full:https://registry.npmmirror.com/@babel%2fhelper-validator-option set size:18985 disposed:false
264 http fetch GET 200 https://registry.npmmirror.com/browserslist 141ms (cache miss)
265 silly packumentCache full:https://registry.npmmirror.com/browserslist set size:73262 disposed:false
266 http fetch GET 200 https://registry.npmmirror.com/@babel%2fcompat-data 160ms (cache miss)
267 silly packumentCache full:https://registry.npmmirror.com/@babel%2fcompat-data set size:52213 disposed:false
268 http fetch GET 200 https://registry.npmmirror.com/@babel%2fhelper-globals 120ms (cache miss)
269 silly packumentCache full:https://registry.npmmirror.com/@babel%2fhelper-globals set size:1966 disposed:false
270 http fetch GET 200 https://registry.npmmirror.com/lru-cache 215ms (cache miss)
271 silly packumentCache full:https://registry.npmmirror.com/lru-cache set size:98540 disposed:false
272 http fetch GET 200 https://registry.npmmirror.com/@jridgewell%2fgen-mapping 258ms (cache miss)
273 silly packumentCache full:https://registry.npmmirror.com/@jridgewell%2fgen-mapping set size:17889 disposed:false
274 http fetch GET 200 https://registry.npmmirror.com/@babel%2fhelper-string-parser 160ms (cache miss)
275 silly packumentCache full:https://registry.npmmirror.com/@babel%2fhelper-string-parser set size:17854 disposed:false
276 http fetch GET 200 https://registry.npmmirror.com/@jridgewell%2fgen-mapping 161ms (cache miss)
277 silly packumentCache full:https://registry.npmmirror.com/@jridgewell%2fgen-mapping set size:17889 disposed:false
278 silly packumentCache full:https://registry.npmmirror.com/@jridgewell%2fgen-mapping dispose
279 http fetch GET 200 https://registry.npmmirror.com/@babel%2fhelper-module-imports 261ms (cache miss)
280 silly packumentCache full:https://registry.npmmirror.com/@babel%2fhelper-module-imports set size:31045 disposed:false
281 http fetch GET 200 https://registry.npmmirror.com/ms 176ms (cache miss)
282 silly packumentCache full:https://registry.npmmirror.com/ms set size:15992 disposed:false
283 silly placeDep ROOT @babel/helper-validator-identifier@7.27.1 OK for: @babel/code-frame@7.27.1 want: ^7.27.1
284 silly placeDep ROOT js-tokens@4.0.0 OK for: @babel/code-frame@7.27.1 want: ^4.0.0
285 silly placeDep ROOT @jridgewell/gen-mapping@0.3.13 OK for: @babel/generator@7.28.3 want: ^0.3.12
286 silly placeDep ROOT @jridgewell/trace-mapping@0.3.31 OK for: @babel/generator@7.28.3 want: ^0.3.28
287 silly placeDep ROOT jsesc@3.1.0 OK for: @babel/generator@7.28.3 want: ^3.0.2
288 silly fetch manifest @jridgewell/sourcemap-codec@^1.5.0
289 silly packumentCache full:https://registry.npmmirror.com/@jridgewell%2fsourcemap-codec cache-miss
290 silly fetch manifest @jridgewell/resolve-uri@^3.1.0
291 silly packumentCache full:https://registry.npmmirror.com/@jridgewell%2fresolve-uri cache-miss
292 silly fetch manifest @jridgewell/sourcemap-codec@^1.4.14
293 silly packumentCache full:https://registry.npmmirror.com/@jridgewell%2fsourcemap-codec cache-miss
294 http fetch GET 200 https://registry.npmmirror.com/@jridgewell%2fresolve-uri 86ms (cache miss)
295 silly packumentCache full:https://registry.npmmirror.com/@jridgewell%2fresolve-uri set size:14497 disposed:false
296 http fetch GET 200 https://registry.npmmirror.com/@jridgewell%2fsourcemap-codec 164ms (cache miss)
297 silly packumentCache full:https://registry.npmmirror.com/@jridgewell%2fsourcemap-codec set size:14577 disposed:false
298 http fetch GET 200 https://registry.npmmirror.com/@jridgewell%2fsourcemap-codec 166ms (cache miss)
299 silly packumentCache full:https://registry.npmmirror.com/@jridgewell%2fsourcemap-codec set size:14577 disposed:false
300 silly packumentCache full:https://registry.npmmirror.com/@jridgewell%2fsourcemap-codec dispose
301 silly placeDep ROOT @babel/compat-data@7.28.4 OK for: @babel/helper-compilation-targets@7.27.2 want: ^7.27.2
302 silly placeDep ROOT @babel/helper-validator-option@7.27.1 OK for: @babel/helper-compilation-targets@7.27.2 want: ^7.27.1
303 silly placeDep ROOT browserslist@4.26.3 OK for: @babel/helper-compilation-targets@7.27.2 want: ^4.24.0
304 silly placeDep ROOT lru-cache@5.1.1 OK for: @babel/helper-compilation-targets@7.27.2 want: ^5.1.1
305 silly fetch manifest baseline-browser-mapping@^2.8.9
306 silly packumentCache full:https://registry.npmmirror.com/baseline-browser-mapping cache-miss
307 silly fetch manifest caniuse-lite@^1.0.30001746
308 silly packumentCache full:https://registry.npmmirror.com/caniuse-lite cache-miss
309 silly fetch manifest electron-to-chromium@^1.5.227
310 silly packumentCache full:https://registry.npmmirror.com/electron-to-chromium cache-miss
311 silly fetch manifest node-releases@^2.0.21
312 silly packumentCache full:https://registry.npmmirror.com/node-releases cache-miss
313 silly fetch manifest update-browserslist-db@^1.1.3
314 silly packumentCache full:https://registry.npmmirror.com/update-browserslist-db cache-miss
315 silly fetch manifest yallist@^3.0.2
316 silly packumentCache full:https://registry.npmmirror.com/yallist cache-miss
317 http fetch GET 200 https://registry.npmmirror.com/yallist 82ms (cache miss)
318 silly packumentCache full:https://registry.npmmirror.com/yallist set size:7662 disposed:false
319 http fetch GET 200 https://registry.npmmirror.com/node-releases 147ms (cache miss)
320 silly packumentCache full:https://registry.npmmirror.com/node-releases set size:36552 disposed:false
321 http fetch GET 200 https://registry.npmmirror.com/update-browserslist-db 150ms (cache miss)
322 silly packumentCache full:https://registry.npmmirror.com/update-browserslist-db set size:15979 disposed:false
323 http fetch GET 200 https://registry.npmmirror.com/baseline-browser-mapping 155ms (cache miss)
324 silly packumentCache full:https://registry.npmmirror.com/baseline-browser-mapping set size:38212 disposed:false
325 http fetch GET 200 https://registry.npmmirror.com/caniuse-lite 216ms (cache miss)
326 silly packumentCache full:https://registry.npmmirror.com/caniuse-lite set size:352619 disposed:false
327 http fetch GET 200 https://registry.npmmirror.com/electron-to-chromium 231ms (cache miss)
328 silly packumentCache full:https://registry.npmmirror.com/electron-to-chromium set size:787455 disposed:false
329 silly placeDep ROOT @babel/helper-module-imports@7.27.1 OK for: @babel/helper-module-transforms@7.28.3 want: ^7.27.1
330 silly placeDep ROOT @babel/helper-plugin-utils@7.27.1 OK for: @babel/plugin-transform-react-jsx-self@7.27.1 want: ^7.27.1
331 silly placeDep ROOT @babel/helper-globals@7.28.0 OK for: @babel/traverse@7.28.4 want: ^7.28.0
332 silly placeDep ROOT @babel/helper-string-parser@7.27.1 OK for: @babel/types@7.28.4 want: ^7.27.1
333 silly placeDep ROOT @jridgewell/sourcemap-codec@1.5.5 OK for: @jridgewell/gen-mapping@0.3.13 want: ^1.5.0
334 silly placeDep ROOT @jridgewell/resolve-uri@3.1.2 OK for: @jridgewell/trace-mapping@0.3.31 want: ^3.1.0
335 silly placeDep ROOT @types/babel__generator@7.27.0 OK for: @types/babel__core@7.20.5 want: *
336 silly placeDep ROOT @types/babel__template@7.4.4 OK for: @types/babel__core@7.20.5 want: *
337 silly placeDep ROOT @types/babel__traverse@7.28.0 OK for: @types/babel__core@7.20.5 want: *
338 silly fetch manifest browserslist@>= 4.21.0
339 silly packumentCache full:https://registry.npmmirror.com/browserslist cache-hit
340 silly placeDep ROOT baseline-browser-mapping@2.8.16 OK for: browserslist@4.26.3 want: ^2.8.9
341 silly placeDep ROOT caniuse-lite@1.0.30001750 OK for: browserslist@4.26.3 want: ^1.0.30001746
342 silly placeDep ROOT electron-to-chromium@1.5.234 OK for: browserslist@4.26.3 want: ^1.5.227
343 silly placeDep ROOT node-releases@2.0.23 OK for: browserslist@4.26.3 want: ^2.0.21
344 silly placeDep ROOT update-browserslist-db@1.1.3 OK for: browserslist@4.26.3 want: ^1.1.3
345 silly fetch manifest escalade@^3.2.0
346 silly packumentCache full:https://registry.npmmirror.com/escalade cache-miss
347 http fetch GET 200 https://registry.npmmirror.com/escalade 75ms (cache miss)
348 silly packumentCache full:https://registry.npmmirror.com/escalade set size:6820 disposed:false
349 silly placeDep ROOT ms@2.1.3 OK for: debug@4.4.3 want: ^2.1.3
350 silly placeDep ROOT yallist@3.1.1 OK for: lru-cache@5.1.1 want: ^3.0.2
351 silly placeDep ROOT escalade@3.2.0 OK for: update-browserslist-db@1.1.3 want: ^3.2.0
352 silly reify moves {}
353 silly audit bulk request {
353 silly audit   '@esbuild/aix-ppc64': [ '0.25.10' ],
353 silly audit   '@esbuild/android-arm': [ '0.25.10' ],
353 silly audit   '@esbuild/android-arm64': [ '0.25.10' ],
353 silly audit   '@esbuild/android-x64': [ '0.25.10' ],
353 silly audit   '@esbuild/darwin-arm64': [ '0.25.10' ],
353 silly audit   '@esbuild/darwin-x64': [ '0.25.10' ],
353 silly audit   '@esbuild/freebsd-arm64': [ '0.25.10' ],
353 silly audit   '@esbuild/freebsd-x64': [ '0.25.10' ],
353 silly audit   '@esbuild/linux-arm': [ '0.25.10' ],
353 silly audit   '@esbuild/linux-arm64': [ '0.25.10' ],
353 silly audit   '@esbuild/linux-ia32': [ '0.25.10' ],
353 silly audit   '@esbuild/linux-loong64': [ '0.25.10' ],
353 silly audit   '@esbuild/linux-mips64el': [ '0.25.10' ],
353 silly audit   '@esbuild/linux-ppc64': [ '0.25.10' ],
353 silly audit   '@esbuild/linux-riscv64': [ '0.25.10' ],
353 silly audit   '@esbuild/linux-s390x': [ '0.25.10' ],
353 silly audit   '@esbuild/linux-x64': [ '0.25.10' ],
353 silly audit   '@esbuild/netbsd-arm64': [ '0.25.10' ],
353 silly audit   '@esbuild/netbsd-x64': [ '0.25.10' ],
353 silly audit   '@esbuild/openbsd-arm64': [ '0.25.10' ],
353 silly audit   '@esbuild/openbsd-x64': [ '0.25.10' ],
353 silly audit   '@esbuild/openharmony-arm64': [ '0.25.10' ],
353 silly audit   '@esbuild/sunos-x64': [ '0.25.10' ],
353 silly audit   '@esbuild/win32-arm64': [ '0.25.10' ],
353 silly audit   '@esbuild/win32-ia32': [ '0.25.10' ],
353 silly audit   '@esbuild/win32-x64': [ '0.25.10' ],
353 silly audit   '@rollup/rollup-android-arm-eabi': [ '4.52.4' ],
353 silly audit   '@rollup/rollup-android-arm64': [ '4.52.4' ],
353 silly audit   '@rollup/rollup-darwin-arm64': [ '4.52.4' ],
353 silly audit   '@rollup/rollup-darwin-x64': [ '4.52.4' ],
353 silly audit   '@rollup/rollup-freebsd-arm64': [ '4.52.4' ],
353 silly audit   '@rollup/rollup-freebsd-x64': [ '4.52.4' ],
353 silly audit   '@rollup/rollup-linux-arm-gnueabihf': [ '4.52.4' ],
353 silly audit   '@rollup/rollup-linux-arm-musleabihf': [ '4.52.4' ],
353 silly audit   '@rollup/rollup-linux-arm64-gnu': [ '4.52.4' ],
353 silly audit   '@rollup/rollup-linux-arm64-musl': [ '4.52.4' ],
353 silly audit   '@rollup/rollup-linux-loong64-gnu': [ '4.52.4' ],
353 silly audit   '@rollup/rollup-linux-ppc64-gnu': [ '4.52.4' ],
353 silly audit   '@rollup/rollup-linux-riscv64-gnu': [ '4.52.4' ],
353 silly audit   '@rollup/rollup-linux-riscv64-musl': [ '4.52.4' ],
353 silly audit   '@rollup/rollup-linux-s390x-gnu': [ '4.52.4' ],
353 silly audit   '@rollup/rollup-linux-x64-gnu': [ '4.52.4' ],
353 silly audit   '@rollup/rollup-linux-x64-musl': [ '4.52.4' ],
353 silly audit   '@rollup/rollup-openharmony-arm64': [ '4.52.4' ],
353 silly audit   '@rollup/rollup-win32-arm64-msvc': [ '4.52.4' ],
353 silly audit   '@rollup/rollup-win32-ia32-msvc': [ '4.52.4' ],
353 silly audit   '@rollup/rollup-win32-x64-gnu': [ '4.52.4' ],
353 silly audit   '@rollup/rollup-win32-x64-msvc': [ '4.52.4' ],
353 silly audit   '@types/estree': [ '1.0.8' ],
353 silly audit   esbuild: [ '0.25.10' ],
353 silly audit   fdir: [ '6.5.0' ],
353 silly audit   fsevents: [ '2.3.3' ],
353 silly audit   nanoid: [ '3.3.11' ],
353 silly audit   picocolors: [ '1.1.1' ],
353 silly audit   picomatch: [ '4.0.3' ],
353 silly audit   postcss: [ '8.5.6' ],
353 silly audit   rollup: [ '4.52.4' ],
353 silly audit   'source-map-js': [ '1.2.1' ],
353 silly audit   tinyglobby: [ '0.2.15' ],
353 silly audit   vite: [ '7.1.9' ],
353 silly audit   '@vitejs/plugin-react': [ '5.0.4' ],
353 silly audit   '@babel/core': [ '7.28.4' ],
353 silly audit   '@babel/plugin-transform-react-jsx-self': [ '7.27.1' ],
353 silly audit   '@babel/plugin-transform-react-jsx-source': [ '7.27.1' ],
353 silly audit   '@rolldown/pluginutils': [ '1.0.0-beta.38' ],
353 silly audit   '@types/babel__core': [ '7.20.5' ],
353 silly audit   'react-refresh': [ '0.17.0' ],
353 silly audit   '@babel/code-frame': [ '7.27.1' ],
353 silly audit   '@babel/generator': [ '7.28.3' ],
353 silly audit   '@babel/helper-compilation-targets': [ '7.27.2' ],
353 silly audit   '@babel/helper-module-transforms': [ '7.28.3' ],
353 silly audit   '@babel/helpers': [ '7.28.4' ],
353 silly audit   '@babel/parser': [ '7.28.4' ],
353 silly audit   '@babel/template': [ '7.27.2' ],
353 silly audit   '@babel/traverse': [ '7.28.4' ],
353 silly audit   '@babel/types': [ '7.28.4' ],
353 silly audit   '@jridgewell/remapping': [ '2.3.5' ],
353 silly audit   'convert-source-map': [ '2.0.0' ],
353 silly audit   debug: [ '4.4.3' ],
353 silly audit   gensync: [ '1.0.0-beta.2' ],
353 silly audit   json5: [ '2.2.3' ],
353 silly audit   semver: [ '6.3.1' ],
353 silly audit   '@babel/helper-validator-identifier': [ '7.27.1' ],
353 silly audit   'js-tokens': [ '4.0.0' ],
353 silly audit   '@jridgewell/gen-mapping': [ '0.3.13' ],
353 silly audit   '@jridgewell/trace-mapping': [ '0.3.31' ],
353 silly audit   jsesc: [ '3.1.0' ],
353 silly audit   '@babel/compat-data': [ '7.28.4' ],
353 silly audit   '@babel/helper-validator-option': [ '7.27.1' ],
353 silly audit   browserslist: [ '4.26.3' ],
353 silly audit   'lru-cache': [ '5.1.1' ],
353 silly audit   '@babel/helper-module-imports': [ '7.27.1' ],
353 silly audit   '@babel/helper-plugin-utils': [ '7.27.1' ],
353 silly audit   '@babel/helper-globals': [ '7.28.0' ],
353 silly audit   '@babel/helper-string-parser': [ '7.27.1' ],
353 silly audit   '@jridgewell/sourcemap-codec': [ '1.5.5' ],
353 silly audit   '@jridgewell/resolve-uri': [ '3.1.2' ],
353 silly audit   '@types/babel__generator': [ '7.27.0' ],
353 silly audit   '@types/babel__template': [ '7.4.4' ],
353 silly audit   '@types/babel__traverse': [ '7.28.0' ],
353 silly audit   'baseline-browser-mapping': [ '2.8.16' ],
353 silly audit   'caniuse-lite': [ '1.0.30001750' ],
353 silly audit   'electron-to-chromium': [ '1.5.234' ],
353 silly audit   'node-releases': [ '2.0.23' ],
353 silly audit   'update-browserslist-db': [ '1.1.3' ],
353 silly audit   ms: [ '2.1.3' ],
353 silly audit   yallist: [ '3.1.1' ],
353 silly audit   escalade: [ '3.2.0' ]
353 silly audit }
354 verbose reify failed optional dependency D:\interpretation-platform\node_modules\fsevents
355 silly reify mark deleted [ 'D:\\interpretation-platform\\node_modules\\fsevents' ]
356 verbose reify failed optional dependency D:\interpretation-platform\node_modules\@rollup\rollup-win32-ia32-msvc
357 silly reify mark deleted [
357 silly reify   'D:\\interpretation-platform\\node_modules\\@rollup\\rollup-win32-ia32-msvc'
357 silly reify ]
358 verbose reify failed optional dependency D:\interpretation-platform\node_modules\@rollup\rollup-win32-arm64-msvc
359 silly reify mark deleted [
359 silly reify   'D:\\interpretation-platform\\node_modules\\@rollup\\rollup-win32-arm64-msvc'
359 silly reify ]
360 verbose reify failed optional dependency D:\interpretation-platform\node_modules\@rollup\rollup-openharmony-arm64
361 silly reify mark deleted [
361 silly reify   'D:\\interpretation-platform\\node_modules\\@rollup\\rollup-openharmony-arm64'
361 silly reify ]
362 verbose reify failed optional dependency D:\interpretation-platform\node_modules\@rollup\rollup-linux-x64-musl
363 silly reify mark deleted [
363 silly reify   'D:\\interpretation-platform\\node_modules\\@rollup\\rollup-linux-x64-musl'
363 silly reify ]
364 verbose reify failed optional dependency D:\interpretation-platform\node_modules\@rollup\rollup-linux-x64-gnu
365 silly reify mark deleted [
365 silly reify   'D:\\interpretation-platform\\node_modules\\@rollup\\rollup-linux-x64-gnu'
365 silly reify ]
366 verbose reify failed optional dependency D:\interpretation-platform\node_modules\@rollup\rollup-linux-s390x-gnu
367 silly reify mark deleted [
367 silly reify   'D:\\interpretation-platform\\node_modules\\@rollup\\rollup-linux-s390x-gnu'
367 silly reify ]
368 verbose reify failed optional dependency D:\interpretation-platform\node_modules\@rollup\rollup-linux-riscv64-musl
369 silly reify mark deleted [
369 silly reify   'D:\\interpretation-platform\\node_modules\\@rollup\\rollup-linux-riscv64-musl'
369 silly reify ]
370 verbose reify failed optional dependency D:\interpretation-platform\node_modules\@rollup\rollup-linux-riscv64-gnu
371 silly reify mark deleted [
371 silly reify   'D:\\interpretation-platform\\node_modules\\@rollup\\rollup-linux-riscv64-gnu'
371 silly reify ]
372 verbose reify failed optional dependency D:\interpretation-platform\node_modules\@rollup\rollup-linux-ppc64-gnu
373 silly reify mark deleted [
373 silly reify   'D:\\interpretation-platform\\node_modules\\@rollup\\rollup-linux-ppc64-gnu'
373 silly reify ]
374 verbose reify failed optional dependency D:\interpretation-platform\node_modules\@rollup\rollup-linux-loong64-gnu
375 silly reify mark deleted [
375 silly reify   'D:\\interpretation-platform\\node_modules\\@rollup\\rollup-linux-loong64-gnu'
375 silly reify ]
376 verbose reify failed optional dependency D:\interpretation-platform\node_modules\@rollup\rollup-linux-arm64-musl
377 silly reify mark deleted [
377 silly reify   'D:\\interpretation-platform\\node_modules\\@rollup\\rollup-linux-arm64-musl'
377 silly reify ]
378 verbose reify failed optional dependency D:\interpretation-platform\node_modules\@rollup\rollup-linux-arm64-gnu
379 silly reify mark deleted [
379 silly reify   'D:\\interpretation-platform\\node_modules\\@rollup\\rollup-linux-arm64-gnu'
379 silly reify ]
380 verbose reify failed optional dependency D:\interpretation-platform\node_modules\@rollup\rollup-linux-arm-musleabihf
381 silly reify mark deleted [
381 silly reify   'D:\\interpretation-platform\\node_modules\\@rollup\\rollup-linux-arm-musleabihf'
381 silly reify ]
382 verbose reify failed optional dependency D:\interpretation-platform\node_modules\@rollup\rollup-linux-arm-gnueabihf
383 silly reify mark deleted [
383 silly reify   'D:\\interpretation-platform\\node_modules\\@rollup\\rollup-linux-arm-gnueabihf'
383 silly reify ]
384 verbose reify failed optional dependency D:\interpretation-platform\node_modules\@rollup\rollup-freebsd-x64
385 silly reify mark deleted [
385 silly reify   'D:\\interpretation-platform\\node_modules\\@rollup\\rollup-freebsd-x64'
385 silly reify ]
386 verbose reify failed optional dependency D:\interpretation-platform\node_modules\@rollup\rollup-freebsd-arm64
387 silly reify mark deleted [
387 silly reify   'D:\\interpretation-platform\\node_modules\\@rollup\\rollup-freebsd-arm64'
387 silly reify ]
388 verbose reify failed optional dependency D:\interpretation-platform\node_modules\@rollup\rollup-darwin-x64
389 silly reify mark deleted [
389 silly reify   'D:\\interpretation-platform\\node_modules\\@rollup\\rollup-darwin-x64'
389 silly reify ]
390 verbose reify failed optional dependency D:\interpretation-platform\node_modules\@rollup\rollup-darwin-arm64
391 silly reify mark deleted [
391 silly reify   'D:\\interpretation-platform\\node_modules\\@rollup\\rollup-darwin-arm64'
391 silly reify ]
392 verbose reify failed optional dependency D:\interpretation-platform\node_modules\@rollup\rollup-android-arm64
393 silly reify mark deleted [
393 silly reify   'D:\\interpretation-platform\\node_modules\\@rollup\\rollup-android-arm64'
393 silly reify ]
394 verbose reify failed optional dependency D:\interpretation-platform\node_modules\@rollup\rollup-android-arm-eabi
395 silly reify mark deleted [
395 silly reify   'D:\\interpretation-platform\\node_modules\\@rollup\\rollup-android-arm-eabi'
395 silly reify ]
396 verbose reify failed optional dependency D:\interpretation-platform\node_modules\@esbuild\win32-ia32
397 silly reify mark deleted [ 'D:\\interpretation-platform\\node_modules\\@esbuild\\win32-ia32' ]
398 verbose reify failed optional dependency D:\interpretation-platform\node_modules\@esbuild\win32-arm64
399 silly reify mark deleted [ 'D:\\interpretation-platform\\node_modules\\@esbuild\\win32-arm64' ]
400 verbose reify failed optional dependency D:\interpretation-platform\node_modules\@esbuild\sunos-x64
401 silly reify mark deleted [ 'D:\\interpretation-platform\\node_modules\\@esbuild\\sunos-x64' ]
402 verbose reify failed optional dependency D:\interpretation-platform\node_modules\@esbuild\openharmony-arm64
403 silly reify mark deleted [
403 silly reify   'D:\\interpretation-platform\\node_modules\\@esbuild\\openharmony-arm64'
403 silly reify ]
404 verbose reify failed optional dependency D:\interpretation-platform\node_modules\@esbuild\openbsd-x64
405 silly reify mark deleted [ 'D:\\interpretation-platform\\node_modules\\@esbuild\\openbsd-x64' ]
406 verbose reify failed optional dependency D:\interpretation-platform\node_modules\@esbuild\openbsd-arm64
407 silly reify mark deleted [
407 silly reify   'D:\\interpretation-platform\\node_modules\\@esbuild\\openbsd-arm64'
407 silly reify ]
408 verbose reify failed optional dependency D:\interpretation-platform\node_modules\@esbuild\netbsd-x64
409 silly reify mark deleted [ 'D:\\interpretation-platform\\node_modules\\@esbuild\\netbsd-x64' ]
410 verbose reify failed optional dependency D:\interpretation-platform\node_modules\@esbuild\netbsd-arm64
411 silly reify mark deleted [ 'D:\\interpretation-platform\\node_modules\\@esbuild\\netbsd-arm64' ]
412 verbose reify failed optional dependency D:\interpretation-platform\node_modules\@esbuild\linux-x64
413 silly reify mark deleted [ 'D:\\interpretation-platform\\node_modules\\@esbuild\\linux-x64' ]
414 verbose reify failed optional dependency D:\interpretation-platform\node_modules\@esbuild\linux-s390x
415 silly reify mark deleted [ 'D:\\interpretation-platform\\node_modules\\@esbuild\\linux-s390x' ]
416 verbose reify failed optional dependency D:\interpretation-platform\node_modules\@esbuild\linux-riscv64
417 silly reify mark deleted [
417 silly reify   'D:\\interpretation-platform\\node_modules\\@esbuild\\linux-riscv64'
417 silly reify ]
418 verbose reify failed optional dependency D:\interpretation-platform\node_modules\@esbuild\linux-ppc64
419 silly reify mark deleted [ 'D:\\interpretation-platform\\node_modules\\@esbuild\\linux-ppc64' ]
420 verbose reify failed optional dependency D:\interpretation-platform\node_modules\@esbuild\linux-mips64el
421 silly reify mark deleted [
421 silly reify   'D:\\interpretation-platform\\node_modules\\@esbuild\\linux-mips64el'
421 silly reify ]
422 verbose reify failed optional dependency D:\interpretation-platform\node_modules\@esbuild\linux-loong64
423 silly reify mark deleted [
423 silly reify   'D:\\interpretation-platform\\node_modules\\@esbuild\\linux-loong64'
423 silly reify ]
424 verbose reify failed optional dependency D:\interpretation-platform\node_modules\@esbuild\linux-ia32
425 silly reify mark deleted [ 'D:\\interpretation-platform\\node_modules\\@esbuild\\linux-ia32' ]
426 verbose reify failed optional dependency D:\interpretation-platform\node_modules\@esbuild\linux-arm64
427 silly reify mark deleted [ 'D:\\interpretation-platform\\node_modules\\@esbuild\\linux-arm64' ]
428 verbose reify failed optional dependency D:\interpretation-platform\node_modules\@esbuild\linux-arm
429 silly reify mark deleted [ 'D:\\interpretation-platform\\node_modules\\@esbuild\\linux-arm' ]
430 verbose reify failed optional dependency D:\interpretation-platform\node_modules\@esbuild\freebsd-x64
431 silly reify mark deleted [ 'D:\\interpretation-platform\\node_modules\\@esbuild\\freebsd-x64' ]
432 verbose reify failed optional dependency D:\interpretation-platform\node_modules\@esbuild\freebsd-arm64
433 silly reify mark deleted [
433 silly reify   'D:\\interpretation-platform\\node_modules\\@esbuild\\freebsd-arm64'
433 silly reify ]
434 verbose reify failed optional dependency D:\interpretation-platform\node_modules\@esbuild\darwin-x64
435 silly reify mark deleted [ 'D:\\interpretation-platform\\node_modules\\@esbuild\\darwin-x64' ]
436 verbose reify failed optional dependency D:\interpretation-platform\node_modules\@esbuild\darwin-arm64
437 silly reify mark deleted [ 'D:\\interpretation-platform\\node_modules\\@esbuild\\darwin-arm64' ]
438 verbose reify failed optional dependency D:\interpretation-platform\node_modules\@esbuild\android-x64
439 silly reify mark deleted [ 'D:\\interpretation-platform\\node_modules\\@esbuild\\android-x64' ]
440 verbose reify failed optional dependency D:\interpretation-platform\node_modules\@esbuild\android-arm64
441 silly reify mark deleted [
441 silly reify   'D:\\interpretation-platform\\node_modules\\@esbuild\\android-arm64'
441 silly reify ]
442 verbose reify failed optional dependency D:\interpretation-platform\node_modules\@esbuild\android-arm
443 silly reify mark deleted [ 'D:\\interpretation-platform\\node_modules\\@esbuild\\android-arm' ]
444 verbose reify failed optional dependency D:\interpretation-platform\node_modules\@esbuild\aix-ppc64
445 silly reify mark deleted [ 'D:\\interpretation-platform\\node_modules\\@esbuild\\aix-ppc64' ]
446 http cache escalade@https://registry.npmmirror.com/escalade/-/escalade-3.2.0.tgz 1ms (cache hit)
447 http cache ms@https://registry.npmmirror.com/ms/-/ms-2.1.3.tgz 0ms (cache hit)
448 http cache yallist@https://registry.npmmirror.com/yallist/-/yallist-3.1.1.tgz 0ms (cache hit)
449 http cache @types/babel__traverse@https://registry.npmmirror.com/@types/babel__traverse/-/babel__traverse-7.28.0.tgz 0ms (cache hit)
450 http cache @types/babel__template@https://registry.npmmirror.com/@types/babel__template/-/babel__template-7.4.4.tgz 0ms (cache hit)
451 http cache @types/babel__generator@https://registry.npmmirror.com/@types/babel__generator/-/babel__generator-7.27.0.tgz 0ms (cache hit)
452 http cache node-releases@https://registry.npmmirror.com/node-releases/-/node-releases-2.0.23.tgz 0ms (cache hit)
453 http cache @jridgewell/resolve-uri@https://registry.npmmirror.com/@jridgewell/resolve-uri/-/resolve-uri-3.1.2.tgz 0ms (cache hit)
454 http cache caniuse-lite@https://registry.npmmirror.com/caniuse-lite/-/caniuse-lite-1.0.30001750.tgz 0ms (cache hit)
455 http cache @babel/helper-string-parser@https://registry.npmmirror.com/@babel/helper-string-parser/-/helper-string-parser-7.27.1.tgz 0ms (cache hit)
456 http cache update-browserslist-db@https://registry.npmmirror.com/update-browserslist-db/-/update-browserslist-db-1.1.3.tgz 0ms (cache hit)
457 http cache electron-to-chromium@https://registry.npmmirror.com/electron-to-chromium/-/electron-to-chromium-1.5.234.tgz 0ms (cache hit)
458 http cache @jridgewell/sourcemap-codec@https://registry.npmmirror.com/@jridgewell/sourcemap-codec/-/sourcemap-codec-1.5.5.tgz 0ms (cache hit)
459 http cache baseline-browser-mapping@https://registry.npmmirror.com/baseline-browser-mapping/-/baseline-browser-mapping-2.8.16.tgz 0ms (cache hit)
460 http cache @babel/helper-module-imports@https://registry.npmmirror.com/@babel/helper-module-imports/-/helper-module-imports-7.27.1.tgz 0ms (cache hit)
461 http cache lru-cache@https://registry.npmmirror.com/lru-cache/-/lru-cache-5.1.1.tgz 0ms (cache hit)
462 http cache @babel/helper-plugin-utils@https://registry.npmmirror.com/@babel/helper-plugin-utils/-/helper-plugin-utils-7.27.1.tgz 0ms (cache hit)
463 http cache @babel/helper-validator-option@https://registry.npmmirror.com/@babel/helper-validator-option/-/helper-validator-option-7.27.1.tgz 0ms (cache hit)
464 http cache @babel/helper-globals@https://registry.npmmirror.com/@babel/helper-globals/-/helper-globals-7.28.0.tgz 0ms (cache hit)
465 http cache @babel/helper-validator-identifier@https://registry.npmmirror.com/@babel/helper-validator-identifier/-/helper-validator-identifier-7.27.1.tgz 0ms (cache hit)
466 http cache browserslist@https://registry.npmmirror.com/browserslist/-/browserslist-4.26.3.tgz 0ms (cache hit)
467 http cache @jridgewell/trace-mapping@https://registry.npmmirror.com/@jridgewell/trace-mapping/-/trace-mapping-0.3.31.tgz 0ms (cache hit)
468 http cache @jridgewell/gen-mapping@https://registry.npmmirror.com/@jridgewell/gen-mapping/-/gen-mapping-0.3.13.tgz 0ms (cache hit)
469 http cache @babel/compat-data@https://registry.npmmirror.com/@babel/compat-data/-/compat-data-7.28.4.tgz 0ms (cache hit)
470 http cache js-tokens@https://registry.npmmirror.com/js-tokens/-/js-tokens-4.0.0.tgz 0ms (cache hit)
471 http cache @babel/traverse@https://registry.npmmirror.com/@babel/traverse/-/traverse-7.28.4.tgz 0ms (cache hit)
472 http cache semver@https://registry.npmmirror.com/semver/-/semver-6.3.1.tgz 0ms (cache hit)
473 http cache jsesc@https://registry.npmmirror.com/jsesc/-/jsesc-3.1.0.tgz 0ms (cache hit)
474 http cache debug@https://registry.npmmirror.com/debug/-/debug-4.4.3.tgz 0ms (cache hit)
475 http cache json5@https://registry.npmmirror.com/json5/-/json5-2.2.3.tgz 0ms (cache hit)
476 http cache @babel/types@https://registry.npmmirror.com/@babel/types/-/types-7.28.4.tgz 0ms (cache hit)
477 http cache @jridgewell/remapping@https://registry.npmmirror.com/@jridgewell/remapping/-/remapping-2.3.5.tgz 0ms (cache hit)
478 http cache @babel/template@https://registry.npmmirror.com/@babel/template/-/template-7.27.2.tgz 0ms (cache hit)
479 http cache gensync@https://registry.npmmirror.com/gensync/-/gensync-1.0.0-beta.2.tgz 0ms (cache hit)
480 http cache convert-source-map@https://registry.npmmirror.com/convert-source-map/-/convert-source-map-2.0.0.tgz 0ms (cache hit)
481 http cache @babel/helpers@https://registry.npmmirror.com/@babel/helpers/-/helpers-7.28.4.tgz 0ms (cache hit)
482 http cache @babel/parser@https://registry.npmmirror.com/@babel/parser/-/parser-7.28.4.tgz 0ms (cache hit)
483 http cache @babel/helper-compilation-targets@https://registry.npmmirror.com/@babel/helper-compilation-targets/-/helper-compilation-targets-7.27.2.tgz 0ms (cache hit)
484 http cache react-refresh@https://registry.npmmirror.com/react-refresh/-/react-refresh-0.17.0.tgz 0ms (cache hit)
485 http cache @babel/helper-module-transforms@https://registry.npmmirror.com/@babel/helper-module-transforms/-/helper-module-transforms-7.28.3.tgz 0ms (cache hit)
486 http cache @babel/generator@https://registry.npmmirror.com/@babel/generator/-/generator-7.28.3.tgz 0ms (cache hit)
487 http cache @rolldown/pluginutils@https://registry.npmmirror.com/@rolldown/pluginutils/-/pluginutils-1.0.0-beta.38.tgz 0ms (cache hit)
488 http cache @babel/code-frame@https://registry.npmmirror.com/@babel/code-frame/-/code-frame-7.27.1.tgz 0ms (cache hit)
489 http cache @types/babel__core@https://registry.npmmirror.com/@types/babel__core/-/babel__core-7.20.5.tgz 0ms (cache hit)
490 http cache @babel/plugin-transform-react-jsx-self@https://registry.npmmirror.com/@babel/plugin-transform-react-jsx-self/-/plugin-transform-react-jsx-self-7.27.1.tgz 0ms (cache hit)
491 http cache @babel/plugin-transform-react-jsx-source@https://registry.npmmirror.com/@babel/plugin-transform-react-jsx-source/-/plugin-transform-react-jsx-source-7.27.1.tgz 0ms (cache hit)
492 silly tarball no local data for escalade@https://registry.npmmirror.com/escalade/-/escalade-3.2.0.tgz. Extracting by manifest.
493 http cache @babel/core@https://registry.npmmirror.com/@babel/core/-/core-7.28.4.tgz 0ms (cache hit)
494 http cache @vitejs/plugin-react@https://registry.npmmirror.com/@vitejs/plugin-react/-/plugin-react-5.0.4.tgz 0ms (cache hit)
495 silly tarball no local data for ms@https://registry.npmmirror.com/ms/-/ms-2.1.3.tgz. Extracting by manifest.
496 silly tarball no local data for yallist@https://registry.npmmirror.com/yallist/-/yallist-3.1.1.tgz. Extracting by manifest.
497 silly tarball no local data for @types/babel__traverse@https://registry.npmmirror.com/@types/babel__traverse/-/babel__traverse-7.28.0.tgz. Extracting by manifest.
498 silly tarball no local data for @types/babel__template@https://registry.npmmirror.com/@types/babel__template/-/babel__template-7.4.4.tgz. Extracting by manifest.
499 silly tarball no local data for @types/babel__generator@https://registry.npmmirror.com/@types/babel__generator/-/babel__generator-7.27.0.tgz. Extracting by manifest.
500 silly tarball no local data for node-releases@https://registry.npmmirror.com/node-releases/-/node-releases-2.0.23.tgz. Extracting by manifest.
501 silly tarball no local data for @jridgewell/resolve-uri@https://registry.npmmirror.com/@jridgewell/resolve-uri/-/resolve-uri-3.1.2.tgz. Extracting by manifest.
502 silly tarball no local data for caniuse-lite@https://registry.npmmirror.com/caniuse-lite/-/caniuse-lite-1.0.30001750.tgz. Extracting by manifest.
503 silly tarball no local data for @babel/helper-string-parser@https://registry.npmmirror.com/@babel/helper-string-parser/-/helper-string-parser-7.27.1.tgz. Extracting by manifest.
504 silly tarball no local data for update-browserslist-db@https://registry.npmmirror.com/update-browserslist-db/-/update-browserslist-db-1.1.3.tgz. Extracting by manifest.
505 silly tarball no local data for electron-to-chromium@https://registry.npmmirror.com/electron-to-chromium/-/electron-to-chromium-1.5.234.tgz. Extracting by manifest.
506 silly tarball no local data for @jridgewell/sourcemap-codec@https://registry.npmmirror.com/@jridgewell/sourcemap-codec/-/sourcemap-codec-1.5.5.tgz. Extracting by manifest.
507 silly tarball no local data for baseline-browser-mapping@https://registry.npmmirror.com/baseline-browser-mapping/-/baseline-browser-mapping-2.8.16.tgz. Extracting by manifest.
508 silly tarball no local data for @babel/helper-module-imports@https://registry.npmmirror.com/@babel/helper-module-imports/-/helper-module-imports-7.27.1.tgz. Extracting by manifest.
509 silly tarball no local data for lru-cache@https://registry.npmmirror.com/lru-cache/-/lru-cache-5.1.1.tgz. Extracting by manifest.
510 silly tarball no local data for @babel/helper-plugin-utils@https://registry.npmmirror.com/@babel/helper-plugin-utils/-/helper-plugin-utils-7.27.1.tgz. Extracting by manifest.
511 silly tarball no local data for @babel/helper-validator-option@https://registry.npmmirror.com/@babel/helper-validator-option/-/helper-validator-option-7.27.1.tgz. Extracting by manifest.
512 silly tarball no local data for @babel/helper-globals@https://registry.npmmirror.com/@babel/helper-globals/-/helper-globals-7.28.0.tgz. Extracting by manifest.
513 silly tarball no local data for @babel/helper-validator-identifier@https://registry.npmmirror.com/@babel/helper-validator-identifier/-/helper-validator-identifier-7.27.1.tgz. Extracting by manifest.
514 silly tarball no local data for browserslist@https://registry.npmmirror.com/browserslist/-/browserslist-4.26.3.tgz. Extracting by manifest.
515 silly tarball no local data for @jridgewell/trace-mapping@https://registry.npmmirror.com/@jridgewell/trace-mapping/-/trace-mapping-0.3.31.tgz. Extracting by manifest.
516 silly tarball no local data for @jridgewell/gen-mapping@https://registry.npmmirror.com/@jridgewell/gen-mapping/-/gen-mapping-0.3.13.tgz. Extracting by manifest.
517 silly tarball no local data for @babel/compat-data@https://registry.npmmirror.com/@babel/compat-data/-/compat-data-7.28.4.tgz. Extracting by manifest.
518 silly tarball no local data for js-tokens@https://registry.npmmirror.com/js-tokens/-/js-tokens-4.0.0.tgz. Extracting by manifest.
519 silly tarball no local data for @babel/traverse@https://registry.npmmirror.com/@babel/traverse/-/traverse-7.28.4.tgz. Extracting by manifest.
520 silly tarball no local data for semver@https://registry.npmmirror.com/semver/-/semver-6.3.1.tgz. Extracting by manifest.
521 silly tarball no local data for jsesc@https://registry.npmmirror.com/jsesc/-/jsesc-3.1.0.tgz. Extracting by manifest.
522 silly tarball no local data for debug@https://registry.npmmirror.com/debug/-/debug-4.4.3.tgz. Extracting by manifest.
523 silly tarball no local data for json5@https://registry.npmmirror.com/json5/-/json5-2.2.3.tgz. Extracting by manifest.
524 silly tarball no local data for @babel/types@https://registry.npmmirror.com/@babel/types/-/types-7.28.4.tgz. Extracting by manifest.
525 silly tarball no local data for @jridgewell/remapping@https://registry.npmmirror.com/@jridgewell/remapping/-/remapping-2.3.5.tgz. Extracting by manifest.
526 silly tarball no local data for @babel/template@https://registry.npmmirror.com/@babel/template/-/template-7.27.2.tgz. Extracting by manifest.
527 silly tarball no local data for gensync@https://registry.npmmirror.com/gensync/-/gensync-1.0.0-beta.2.tgz. Extracting by manifest.
528 silly tarball no local data for convert-source-map@https://registry.npmmirror.com/convert-source-map/-/convert-source-map-2.0.0.tgz. Extracting by manifest.
529 silly tarball no local data for @babel/helpers@https://registry.npmmirror.com/@babel/helpers/-/helpers-7.28.4.tgz. Extracting by manifest.
530 silly tarball no local data for @babel/parser@https://registry.npmmirror.com/@babel/parser/-/parser-7.28.4.tgz. Extracting by manifest.
531 silly tarball no local data for @babel/helper-compilation-targets@https://registry.npmmirror.com/@babel/helper-compilation-targets/-/helper-compilation-targets-7.27.2.tgz. Extracting by manifest.
532 silly tarball no local data for react-refresh@https://registry.npmmirror.com/react-refresh/-/react-refresh-0.17.0.tgz. Extracting by manifest.
533 silly tarball no local data for @babel/helper-module-transforms@https://registry.npmmirror.com/@babel/helper-module-transforms/-/helper-module-transforms-7.28.3.tgz. Extracting by manifest.
534 silly tarball no local data for @babel/generator@https://registry.npmmirror.com/@babel/generator/-/generator-7.28.3.tgz. Extracting by manifest.
535 silly tarball no local data for @rolldown/pluginutils@https://registry.npmmirror.com/@rolldown/pluginutils/-/pluginutils-1.0.0-beta.38.tgz. Extracting by manifest.
536 silly tarball no local data for @babel/code-frame@https://registry.npmmirror.com/@babel/code-frame/-/code-frame-7.27.1.tgz. Extracting by manifest.
537 silly tarball no local data for @types/babel__core@https://registry.npmmirror.com/@types/babel__core/-/babel__core-7.20.5.tgz. Extracting by manifest.
538 silly tarball no local data for @babel/plugin-transform-react-jsx-self@https://registry.npmmirror.com/@babel/plugin-transform-react-jsx-self/-/plugin-transform-react-jsx-self-7.27.1.tgz. Extracting by manifest.
539 silly tarball no local data for @babel/plugin-transform-react-jsx-source@https://registry.npmmirror.com/@babel/plugin-transform-react-jsx-source/-/plugin-transform-react-jsx-source-7.27.1.tgz. Extracting by manifest.
540 silly tarball no local data for @babel/core@https://registry.npmmirror.com/@babel/core/-/core-7.28.4.tgz. Extracting by manifest.
541 silly tarball no local data for @vitejs/plugin-react@https://registry.npmmirror.com/@vitejs/plugin-react/-/plugin-react-5.0.4.tgz. Extracting by manifest.
542 http fetch POST 404 https://registry.npmmirror.com/-/npm/v1/security/advisories/bulk 51ms
543 silly audit bulk request failed [object Object]
544 http fetch GET 200 https://cdn.npmmirror.com/packages/node-releases/2.0.23/node-releases-2.0.23.tgz 333ms (cache miss)
545 http fetch GET 200 https://cdn.npmmirror.com/packages/%40types/babel__generator/7.27.0/babel__generator-7.27.0.tgz 334ms (cache miss)
546 http fetch GET 200 https://cdn.npmmirror.com/packages/escalade/3.2.0/escalade-3.2.0.tgz 336ms (cache miss)
547 http fetch GET 200 https://cdn.npmmirror.com/packages/%40babel/helper-string-parser/7.27.1/helper-string-parser-7.27.1.tgz 334ms (cache miss)
548 http fetch GET 200 https://cdn.npmmirror.com/packages/%40jridgewell/resolve-uri/3.1.2/resolve-uri-3.1.2.tgz 348ms (cache miss)
549 http fetch GET 200 https://cdn.npmmirror.com/packages/ms/2.1.3/ms-2.1.3.tgz 383ms (cache miss)
550 http fetch GET 200 https://cdn.npmmirror.com/packages/%40babel/helper-module-imports/7.27.1/helper-module-imports-7.27.1.tgz 380ms (cache miss)
551 http fetch GET 200 https://cdn.npmmirror.com/packages/%40types/babel__traverse/7.28.0/babel__traverse-7.28.0.tgz 384ms (cache miss)
552 http fetch GET 200 https://cdn.npmmirror.com/packages/%40babel/helper-validator-option/7.27.1/helper-validator-option-7.27.1.tgz 381ms (cache miss)
553 http fetch POST 404 https://registry.npmmirror.com/-/npm/v1/security/audits/quick 385ms
554 verbose audit error HttpErrorGeneral: 404 Not Found - POST https://registry.npmmirror.com/-/npm/v1/security/audits/quick - [NOT_IMPLEMENTED] /-/npm/v1/security/* not implemented yet
554 verbose audit error     at D:\Node.js\node_modules\npm\node_modules\npm-registry-fetch\lib\check-response.js:103:15
554 verbose audit error     at process.processTicksAndRejections (node:internal/process/task_queues:105:5)
554 verbose audit error     at async [getReport] (D:\Node.js\node_modules\npm\node_modules\@npmcli\arborist\lib\audit-report.js:336:21)
554 verbose audit error     at async AuditReport.run (D:\Node.js\node_modules\npm\node_modules\@npmcli\arborist\lib\audit-report.js:106:19) {
554 verbose audit error   headers: [Object: null prototype] {
554 verbose audit error     server: [ 'Tengine' ],
554 verbose audit error     date: [ 'Sun, 12 Oct 2025 12:11:23 GMT' ],
554 verbose audit error     'content-type': [ 'application/json' ],
554 verbose audit error     'transfer-encoding': [ 'chunked' ],
554 verbose audit error     connection: [ 'keep-alive' ],
554 verbose audit error     'strict-transport-security': [ 'max-age=5184000' ],
554 verbose audit error     via: [ 'ens-cache6.cn7433[,404666]' ],
554 verbose audit error     'timing-allow-origin': [ '*' ],
554 verbose audit error     eagleid: [ 'dec0ba1a17602710831472093e' ],
554 verbose audit error     'x-fetch-attempts': [ '1' ]
554 verbose audit error   },
554 verbose audit error   statusCode: 404,
554 verbose audit error   code: 'E404',
554 verbose audit error   method: 'POST',
554 verbose audit error   uri: 'https://registry.npmmirror.com/-/npm/v1/security/audits/quick',
554 verbose audit error   body: {
554 verbose audit error     error: '[NOT_IMPLEMENTED] /-/npm/v1/security/* not implemented yet'
554 verbose audit error   },
554 verbose audit error   pkgid: undefined
554 verbose audit error }
555 silly audit error [object Object]
556 silly audit report null
557 http fetch GET 200 https://cdn.npmmirror.com/packages/%40babel/compat-data/7.28.4/compat-data-7.28.4.tgz 434ms (cache miss)
558 http fetch GET 200 https://cdn.npmmirror.com/packages/%40babel/helper-globals/7.28.0/helper-globals-7.28.0.tgz 439ms (cache miss)
559 http fetch GET 200 https://cdn.npmmirror.com/packages/%40types/babel__template/7.4.4/babel__template-7.4.4.tgz 466ms (cache miss)
560 http fetch GET 200 https://cdn.npmmirror.com/packages/baseline-browser-mapping/2.8.16/baseline-browser-mapping-2.8.16.tgz 470ms (cache miss)
561 http fetch GET 200 https://cdn.npmmirror.com/packages/%40babel/helper-validator-identifier/7.27.1/helper-validator-identifier-7.27.1.tgz 480ms (cache miss)
562 http fetch GET 200 https://cdn.npmmirror.com/packages/yallist/3.1.1/yallist-3.1.1.tgz 486ms (cache miss)
563 http fetch GET 200 https://cdn.npmmirror.com/packages/%40jridgewell/sourcemap-codec/1.5.5/sourcemap-codec-1.5.5.tgz 487ms (cache miss)
564 http fetch GET 200 https://cdn.npmmirror.com/packages/update-browserslist-db/1.1.3/update-browserslist-db-1.1.3.tgz 583ms (cache miss)
565 http fetch GET 200 https://cdn.npmmirror.com/packages/lru-cache/5.1.1/lru-cache-5.1.1.tgz 590ms (cache miss)
566 http fetch GET 200 https://cdn.npmmirror.com/packages/jsesc/3.1.0/jsesc-3.1.0.tgz 593ms (cache miss)
567 http fetch GET 200 https://cdn.npmmirror.com/packages/%40babel/helper-plugin-utils/7.27.1/helper-plugin-utils-7.27.1.tgz 604ms (cache miss)
568 http fetch GET 200 https://cdn.npmmirror.com/packages/debug/4.4.3/debug-4.4.3.tgz 605ms (cache miss)
569 http fetch GET 200 https://cdn.npmmirror.com/packages/convert-source-map/2.0.0/convert-source-map-2.0.0.tgz 628ms (cache miss)
570 http fetch GET 200 https://cdn.npmmirror.com/packages/%40babel/helper-compilation-targets/7.27.2/helper-compilation-targets-7.27.2.tgz 647ms (cache miss)
571 http fetch GET 200 https://cdn.npmmirror.com/packages/js-tokens/4.0.0/js-tokens-4.0.0.tgz 656ms (cache miss)
572 http fetch GET 200 https://cdn.npmmirror.com/packages/semver/6.3.1/semver-6.3.1.tgz 657ms (cache miss)
573 http fetch GET 200 https://cdn.npmmirror.com/packages/%40babel/code-frame/7.27.1/code-frame-7.27.1.tgz 661ms (cache miss)
574 http fetch GET 200 https://cdn.npmmirror.com/packages/react-refresh/0.17.0/react-refresh-0.17.0.tgz 663ms (cache miss)
575 http fetch GET 200 https://cdn.npmmirror.com/packages/%40babel/plugin-transform-react-jsx-source/7.27.1/plugin-transform-react-jsx-source-7.27.1.tgz 665ms (cache miss)
576 http fetch GET 200 https://cdn.npmmirror.com/packages/%40types/babel__core/7.20.5/babel__core-7.20.5.tgz 673ms (cache miss)
577 http fetch GET 200 https://cdn.npmmirror.com/packages/gensync/1.0.0-beta.2/gensync-1.0.0-beta.2.tgz 699ms (cache miss)
578 http fetch GET 200 https://cdn.npmmirror.com/packages/browserslist/4.26.3/browserslist-4.26.3.tgz 721ms (cache miss)
579 http fetch GET 200 https://cdn.npmmirror.com/packages/electron-to-chromium/1.5.234/electron-to-chromium-1.5.234.tgz 724ms (cache miss)
580 http fetch GET 200 https://cdn.npmmirror.com/packages/%40babel/plugin-transform-react-jsx-self/7.27.1/plugin-transform-react-jsx-self-7.27.1.tgz 718ms (cache miss)
581 http fetch GET 200 https://cdn.npmmirror.com/packages/%40vitejs/plugin-react/5.0.4/plugin-react-5.0.4.tgz 730ms (cache miss)
582 http fetch GET 200 https://cdn.npmmirror.com/packages/%40babel/template/7.27.2/template-7.27.2.tgz 747ms (cache miss)
583 http fetch GET 200 https://cdn.npmmirror.com/packages/%40jridgewell/trace-mapping/0.3.31/trace-mapping-0.3.31.tgz 760ms (cache miss)
584 http fetch GET 200 https://cdn.npmmirror.com/packages/json5/2.2.3/json5-2.2.3.tgz 764ms (cache miss)
585 http fetch GET 200 https://cdn.npmmirror.com/packages/%40babel/helper-module-transforms/7.28.3/helper-module-transforms-7.28.3.tgz 761ms (cache miss)
586 http fetch GET 200 https://cdn.npmmirror.com/packages/%40jridgewell/remapping/2.3.5/remapping-2.3.5.tgz 832ms (cache miss)
587 http fetch GET 200 https://cdn.npmmirror.com/packages/%40jridgewell/gen-mapping/0.3.13/gen-mapping-0.3.13.tgz 835ms (cache miss)
588 http fetch GET 200 https://cdn.npmmirror.com/packages/%40rolldown/pluginutils/1.0.0-beta.38/pluginutils-1.0.0-beta.38.tgz 837ms (cache miss)
589 http fetch GET 200 https://cdn.npmmirror.com/packages/%40babel/parser/7.28.4/parser-7.28.4.tgz 842ms (cache miss)
590 http fetch GET 200 https://cdn.npmmirror.com/packages/%40babel/traverse/7.28.4/traverse-7.28.4.tgz 923ms (cache miss)
591 http fetch GET 200 https://cdn.npmmirror.com/packages/%40babel/generator/7.28.3/generator-7.28.3.tgz 919ms (cache miss)
592 http fetch GET 200 https://cdn.npmmirror.com/packages/%40babel/core/7.28.4/core-7.28.4.tgz 1055ms (cache miss)
593 http fetch GET 200 https://cdn.npmmirror.com/packages/%40babel/types/7.28.4/types-7.28.4.tgz 1169ms (cache miss)
594 http fetch GET 200 https://cdn.npmmirror.com/packages/%40babel/helpers/7.28.4/helpers-7.28.4.tgz 1211ms (cache miss)
595 http fetch GET 200 https://cdn.npmmirror.com/packages/caniuse-lite/1.0.30001750/caniuse-lite-1.0.30001750.tgz 1686ms (cache miss)
596 silly ADD node_modules/escalade
597 silly ADD node_modules/yallist
598 silly ADD node_modules/ms
599 silly ADD node_modules/update-browserslist-db
600 silly ADD node_modules/node-releases
601 silly ADD node_modules/electron-to-chromium
602 silly ADD node_modules/caniuse-lite
603 silly ADD node_modules/baseline-browser-mapping
604 silly ADD node_modules/@types/babel__traverse
605 silly ADD node_modules/@types/babel__template
606 silly ADD node_modules/@types/babel__generator
607 silly ADD node_modules/@jridgewell/resolve-uri
608 silly ADD node_modules/@jridgewell/sourcemap-codec
609 silly ADD node_modules/@babel/helper-string-parser
610 silly ADD node_modules/@babel/helper-globals
611 silly ADD node_modules/@babel/helper-plugin-utils
612 silly ADD node_modules/@babel/helper-module-imports
613 silly ADD node_modules/lru-cache
614 silly ADD node_modules/browserslist
615 silly ADD node_modules/@babel/helper-validator-option
616 silly ADD node_modules/@babel/compat-data
617 silly ADD node_modules/jsesc
618 silly ADD node_modules/@jridgewell/trace-mapping
619 silly ADD node_modules/@jridgewell/gen-mapping
620 silly ADD node_modules/js-tokens
621 silly ADD node_modules/@babel/helper-validator-identifier
622 silly ADD node_modules/semver
623 silly ADD node_modules/json5
624 silly ADD node_modules/gensync
625 silly ADD node_modules/debug
626 silly ADD node_modules/convert-source-map
627 silly ADD node_modules/@jridgewell/remapping
628 silly ADD node_modules/@babel/types
629 silly ADD node_modules/@babel/traverse
630 silly ADD node_modules/@babel/template
631 silly ADD node_modules/@babel/parser
632 silly ADD node_modules/@babel/helpers
633 silly ADD node_modules/@babel/helper-module-transforms
634 silly ADD node_modules/@babel/helper-compilation-targets
635 silly ADD node_modules/@babel/generator
636 silly ADD node_modules/@babel/code-frame
637 silly ADD node_modules/react-refresh
638 silly ADD node_modules/@types/babel__core
639 silly ADD node_modules/@rolldown/pluginutils
640 silly ADD node_modules/@babel/plugin-transform-react-jsx-source
641 silly ADD node_modules/@babel/plugin-transform-react-jsx-self
642 silly ADD node_modules/@babel/core
643 silly ADD node_modules/@vitejs/plugin-react
644 silly ADD
645 silly ADD
646 silly ADD
647 silly ADD
648 silly ADD
649 silly ADD
650 silly ADD
651 silly ADD
652 silly ADD
653 silly ADD
654 silly ADD
655 silly ADD
656 silly ADD
657 silly ADD
658 silly ADD
659 silly ADD
660 silly ADD
661 silly ADD
662 silly ADD
663 silly ADD
664 silly ADD
665 silly ADD
666 silly ADD
667 silly ADD
668 silly ADD
669 silly ADD
670 silly ADD
671 silly ADD
672 silly ADD
673 silly ADD
674 silly ADD
675 silly ADD
676 silly ADD
677 silly ADD
678 silly ADD
679 silly ADD
680 silly ADD
681 silly ADD
682 silly ADD
683 silly ADD
684 silly ADD
685 silly ADD
686 silly ADD
687 silly ADD
688 silly ADD
689 silly ADD
690 verbose cwd D:\interpretation-platform
691 verbose os Windows_NT 10.0.22631
692 verbose node v22.20.0
693 verbose npm  v10.9.3
694 verbose exit 0
695 info ok
